{"/Users/Cody/code_projects/vibephx/vibephx-site/plugins/figma-token-extractor/tests/test-transform.js":{"path":"/Users/Cody/code_projects/vibephx/vibephx-site/plugins/figma-token-extractor/tests/test-transform.js","statementMap":{"0":{"start":{"line":1,"column":15},"end":{"line":1,"column":32}},"1":{"start":{"line":2,"column":13},"end":{"line":2,"column":28}},"2":{"start":{"line":3,"column":29},"end":{"line":3,"column":88}},"3":{"start":{"line":4,"column":20},"end":{"line":4,"column":42}},"4":{"start":{"line":5,"column":20},"end":{"line":15,"column":1}},"5":{"start":{"line":6,"column":24},"end":{"line":6,"column":52}},"6":{"start":{"line":7,"column":26},"end":{"line":7,"column":56}},"7":{"start":{"line":8,"column":26},"end":{"line":8,"column":56}},"8":{"start":{"line":10,"column":16},"end":{"line":10,"column":54}},"9":{"start":{"line":11,"column":4},"end":{"line":11,"column":61}},"10":{"start":{"line":13,"column":24},"end":{"line":13,"column":52}},"11":{"start":{"line":14,"column":35},"end":{"line":14,"column":74}},"12":{"start":{"line":18,"column":2},"end":{"line":85,"column":3}},"13":{"start":{"line":88,"column":1},"end":{"line":140,"column":4}},"14":{"start":{"line":89,"column":18},"end":{"line":89,"column":33}},"15":{"start":{"line":90,"column":11},"end":{"line":90,"column":39}},"16":{"start":{"line":93,"column":17},"end":{"line":93,"column":51}},"17":{"start":{"line":93,"column":37},"end":{"line":93,"column":50}},"18":{"start":{"line":94,"column":19},"end":{"line":94,"column":53}},"19":{"start":{"line":94,"column":39},"end":{"line":94,"column":52}},"20":{"start":{"line":95,"column":18},"end":{"line":95,"column":53}},"21":{"start":{"line":95,"column":38},"end":{"line":95,"column":52}},"22":{"start":{"line":96,"column":18},"end":{"line":96,"column":52}},"23":{"start":{"line":96,"column":38},"end":{"line":96,"column":51}},"24":{"start":{"line":97,"column":16},"end":{"line":97,"column":50}},"25":{"start":{"line":97,"column":36},"end":{"line":97,"column":49}},"26":{"start":{"line":98,"column":2},"end":{"line":98,"column":46}},"27":{"start":{"line":99,"column":2},"end":{"line":99,"column":50}},"28":{"start":{"line":100,"column":2},"end":{"line":100,"column":48}},"29":{"start":{"line":101,"column":2},"end":{"line":101,"column":52}},"30":{"start":{"line":102,"column":2},"end":{"line":102,"column":48}},"31":{"start":{"line":105,"column":2},"end":{"line":105,"column":37}},"32":{"start":{"line":106,"column":14},"end":{"line":106,"column":63}},"33":{"start":{"line":106,"column":34},"end":{"line":106,"column":47}},"34":{"start":{"line":107,"column":2},"end":{"line":107,"column":73}},"35":{"start":{"line":108,"column":2},"end":{"line":108,"column":101}},"36":{"start":{"line":111,"column":14},"end":{"line":111,"column":44}},"37":{"start":{"line":112,"column":2},"end":{"line":112,"column":36}},"38":{"start":{"line":113,"column":2},"end":{"line":113,"column":80}},"39":{"start":{"line":114,"column":2},"end":{"line":114,"column":66}},"40":{"start":{"line":117,"column":17},"end":{"line":117,"column":55}},"41":{"start":{"line":118,"column":2},"end":{"line":118,"column":46}},"42":{"start":{"line":119,"column":15},"end":{"line":119,"column":75}},"43":{"start":{"line":120,"column":2},"end":{"line":120,"column":80}},"44":{"start":{"line":121,"column":17},"end":{"line":121,"column":57}},"45":{"start":{"line":122,"column":2},"end":{"line":122,"column":82}},"46":{"start":{"line":123,"column":2},"end":{"line":123,"column":59}},"47":{"start":{"line":124,"column":2},"end":{"line":124,"column":65}},"48":{"start":{"line":125,"column":2},"end":{"line":125,"column":126}},"49":{"start":{"line":126,"column":2},"end":{"line":126,"column":64}},"50":{"start":{"line":127,"column":2},"end":{"line":127,"column":107}},"51":{"start":{"line":130,"column":15},"end":{"line":130,"column":43}},"52":{"start":{"line":131,"column":20},"end":{"line":131,"column":73}},"53":{"start":{"line":131,"column":42},"end":{"line":131,"column":72}},"54":{"start":{"line":132,"column":2},"end":{"line":132,"column":100}},"55":{"start":{"line":135,"column":15},"end":{"line":135,"column":103}},"56":{"start":{"line":136,"column":2},"end":{"line":136,"column":73}},"57":{"start":{"line":137,"column":2},"end":{"line":137,"column":56}},"58":{"start":{"line":139,"column":2},"end":{"line":139,"column":19}}},"fnMap":{"0":{"name":"(anonymous_0)","decl":{"start":{"line":6,"column":11},"end":{"line":6,"column":12}},"loc":{"start":{"line":6,"column":24},"end":{"line":6,"column":52}},"line":6},"1":{"name":"(anonymous_1)","decl":{"start":{"line":7,"column":18},"end":{"line":7,"column":19}},"loc":{"start":{"line":7,"column":26},"end":{"line":7,"column":56}},"line":7},"2":{"name":"(anonymous_2)","decl":{"start":{"line":8,"column":18},"end":{"line":8,"column":19}},"loc":{"start":{"line":8,"column":26},"end":{"line":8,"column":56}},"line":8},"3":{"name":"(anonymous_3)","decl":{"start":{"line":9,"column":26},"end":{"line":9,"column":27}},"loc":{"start":{"line":9,"column":34},"end":{"line":12,"column":3}},"line":9},"4":{"name":"(anonymous_4)","decl":{"start":{"line":13,"column":16},"end":{"line":13,"column":17}},"loc":{"start":{"line":13,"column":24},"end":{"line":13,"column":52}},"line":13},"5":{"name":"(anonymous_5)","decl":{"start":{"line":14,"column":18},"end":{"line":14,"column":19}},"loc":{"start":{"line":14,"column":35},"end":{"line":14,"column":74}},"line":14},"6":{"name":"sampleExtract","decl":{"start":{"line":17,"column":9},"end":{"line":17,"column":22}},"loc":{"start":{"line":17,"column":24},"end":{"line":86,"column":1}},"line":17},"7":{"name":"run","decl":{"start":{"line":88,"column":11},"end":{"line":88,"column":14}},"loc":{"start":{"line":88,"column":16},"end":{"line":140,"column":1}},"line":88},"8":{"name":"(anonymous_8)","decl":{"start":{"line":93,"column":32},"end":{"line":93,"column":33}},"loc":{"start":{"line":93,"column":37},"end":{"line":93,"column":50}},"line":93},"9":{"name":"(anonymous_9)","decl":{"start":{"line":94,"column":34},"end":{"line":94,"column":35}},"loc":{"start":{"line":94,"column":39},"end":{"line":94,"column":52}},"line":94},"10":{"name":"(anonymous_10)","decl":{"start":{"line":95,"column":33},"end":{"line":95,"column":34}},"loc":{"start":{"line":95,"column":38},"end":{"line":95,"column":52}},"line":95},"11":{"name":"(anonymous_11)","decl":{"start":{"line":96,"column":33},"end":{"line":96,"column":34}},"loc":{"start":{"line":96,"column":38},"end":{"line":96,"column":51}},"line":96},"12":{"name":"(anonymous_12)","decl":{"start":{"line":97,"column":31},"end":{"line":97,"column":32}},"loc":{"start":{"line":97,"column":36},"end":{"line":97,"column":49}},"line":97},"13":{"name":"(anonymous_13)","decl":{"start":{"line":106,"column":29},"end":{"line":106,"column":30}},"loc":{"start":{"line":106,"column":34},"end":{"line":106,"column":47}},"line":106},"14":{"name":"(anonymous_14)","decl":{"start":{"line":131,"column":37},"end":{"line":131,"column":38}},"loc":{"start":{"line":131,"column":42},"end":{"line":131,"column":72}},"line":131}},"branchMap":{"0":{"loc":{"start":{"line":107,"column":12},"end":{"line":107,"column":41}},"type":"binary-expr","locations":[{"start":{"line":107,"column":12},"end":{"line":107,"column":15}},{"start":{"line":107,"column":19},"end":{"line":107,"column":41}}],"line":107},"1":{"loc":{"start":{"line":120,"column":12},"end":{"line":120,"column":43}},"type":"binary-expr","locations":[{"start":{"line":120,"column":12},"end":{"line":120,"column":22}},{"start":{"line":120,"column":26},"end":{"line":120,"column":43}}],"line":120},"2":{"loc":{"start":{"line":125,"column":12},"end":{"line":125,"column":103}},"type":"binary-expr","locations":[{"start":{"line":125,"column":12},"end":{"line":125,"column":63}},{"start":{"line":125,"column":67},"end":{"line":125,"column":103}}],"line":125},"3":{"loc":{"start":{"line":132,"column":12},"end":{"line":132,"column":71}},"type":"binary-expr","locations":[{"start":{"line":132,"column":12},"end":{"line":132,"column":21}},{"start":{"line":132,"column":25},"end":{"line":132,"column":43}},{"start":{"line":132,"column":47},"end":{"line":132,"column":71}}],"line":132}},"s":{"0":1,"1":1,"2":1,"3":1,"4":1,"5":1,"6":1,"7":1,"8":1,"9":1,"10":0,"11":0,"12":1,"13":1,"14":1,"15":1,"16":1,"17":1,"18":1,"19":3,"20":1,"21":4,"22":1,"23":5,"24":1,"25":6,"26":1,"27":1,"28":1,"29":1,"30":1,"31":1,"32":1,"33":1,"34":1,"35":1,"36":1,"37":1,"38":1,"39":1,"40":1,"41":1,"42":1,"43":1,"44":1,"45":1,"46":0,"47":0,"48":0,"49":0,"50":0,"51":0,"52":0,"53":0,"54":0,"55":0,"56":0,"57":0,"58":0},"f":{"0":1,"1":1,"2":1,"3":1,"4":0,"5":0,"6":1,"7":1,"8":1,"9":3,"10":4,"11":5,"12":6,"13":1,"14":0},"b":{"0":[1,1],"1":[1,1],"2":[0,0],"3":[0,0,0]},"_coverageSchema":"1a1c01bbd47fc00a2c39e90264f33305004495a9","hash":"124257165b1793def01b5489ac639bb86362193f","contentHash":"05ab0c29d35b75dad6e6ef1994e5b15283297a6f45ac2a1a84af13965d0ac818"},"/Users/Cody/code_projects/vibephx/vibephx-site/plugins/figma-token-extractor/transformer.class.js":{"path":"/Users/Cody/code_projects/vibephx/vibephx-site/plugins/figma-token-extractor/transformer.class.js","statementMap":{"0":{"start":{"line":5,"column":0},"end":{"line":432,"column":2}},"1":{"start":{"line":6,"column":2},"end":{"line":10,"column":3}},"2":{"start":{"line":7,"column":4},"end":{"line":7,"column":30}},"3":{"start":{"line":9,"column":4},"end":{"line":9,"column":37}},"4":{"start":{"line":19,"column":39},"end":{"line":37,"column":3}},"5":{"start":{"line":44,"column":17},"end":{"line":44,"column":30}},"6":{"start":{"line":45,"column":16},"end":{"line":45,"column":37}},"7":{"start":{"line":46,"column":22},"end":{"line":46,"column":47}},"8":{"start":{"line":47,"column":19},"end":{"line":47,"column":36}},"9":{"start":{"line":48,"column":21},"end":{"line":48,"column":74}},"10":{"start":{"line":50,"column":17},"end":{"line":56,"column":26}},"11":{"start":{"line":58,"column":16},"end":{"line":58,"column":47}},"12":{"start":{"line":59,"column":4},"end":{"line":63,"column":5}},"13":{"start":{"line":60,"column":19},"end":{"line":60,"column":47}},"14":{"start":{"line":61,"column":19},"end":{"line":61,"column":54}},"15":{"start":{"line":62,"column":6},"end":{"line":62,"column":31}},"16":{"start":{"line":66,"column":4},"end":{"line":72,"column":6}},"17":{"start":{"line":67,"column":18},"end":{"line":67,"column":33}},"18":{"start":{"line":68,"column":6},"end":{"line":68,"column":82}},"19":{"start":{"line":68,"column":33},"end":{"line":68,"column":82}},"20":{"start":{"line":69,"column":6},"end":{"line":69,"column":82}},"21":{"start":{"line":69,"column":33},"end":{"line":69,"column":82}},"22":{"start":{"line":70,"column":6},"end":{"line":70,"column":98}},"23":{"start":{"line":70,"column":33},"end":{"line":70,"column":98}},"24":{"start":{"line":70,"column":82},"end":{"line":70,"column":97}},"25":{"start":{"line":71,"column":6},"end":{"line":71,"column":16}},"26":{"start":{"line":74,"column":4},"end":{"line":74,"column":37}},"27":{"start":{"line":74,"column":16},"end":{"line":74,"column":37}},"28":{"start":{"line":75,"column":4},"end":{"line":75,"column":16}},"29":{"start":{"line":79,"column":4},"end":{"line":79,"column":52}},"30":{"start":{"line":79,"column":41},"end":{"line":79,"column":52}},"31":{"start":{"line":80,"column":16},"end":{"line":80,"column":67}},"32":{"start":{"line":80,"column":23},"end":{"line":80,"column":67}},"33":{"start":{"line":81,"column":4},"end":{"line":86,"column":5}},"34":{"start":{"line":82,"column":16},"end":{"line":82,"column":46}},"35":{"start":{"line":83,"column":16},"end":{"line":83,"column":46}},"36":{"start":{"line":84,"column":16},"end":{"line":84,"column":46}},"37":{"start":{"line":85,"column":6},"end":{"line":85,"column":20}},"38":{"start":{"line":87,"column":4},"end":{"line":87,"column":15}},"39":{"start":{"line":91,"column":4},"end":{"line":91,"column":138}},"40":{"start":{"line":95,"column":17},"end":{"line":95,"column":30}},"41":{"start":{"line":96,"column":4},"end":{"line":96,"column":42}},"42":{"start":{"line":96,"column":30},"end":{"line":96,"column":42}},"43":{"start":{"line":97,"column":17},"end":{"line":97,"column":66}},"44":{"start":{"line":98,"column":4},"end":{"line":98,"column":22}},"45":{"start":{"line":106,"column":6},"end":{"line":106,"column":34}},"46":{"start":{"line":107,"column":6},"end":{"line":107,"column":98}},"47":{"start":{"line":109,"column":6},"end":{"line":109,"column":32}},"48":{"start":{"line":114,"column":17},"end":{"line":120,"column":7}},"49":{"start":{"line":121,"column":6},"end":{"line":121,"column":51}},"50":{"start":{"line":121,"column":42},"end":{"line":121,"column":51}},"51":{"start":{"line":123,"column":26},"end":{"line":123,"column":61}},"52":{"start":{"line":124,"column":24},"end":{"line":124,"column":57}},"53":{"start":{"line":126,"column":30},"end":{"line":126,"column":39}},"54":{"start":{"line":127,"column":6},"end":{"line":130,"column":7}},"55":{"start":{"line":128,"column":8},"end":{"line":128,"column":178}},"56":{"start":{"line":128,"column":118},"end":{"line":128,"column":174}},"57":{"start":{"line":129,"column":8},"end":{"line":129,"column":104}},"58":{"start":{"line":132,"column":6},"end":{"line":174,"column":7}},"59":{"start":{"line":133,"column":22},"end":{"line":133,"column":61}},"60":{"start":{"line":134,"column":24},"end":{"line":134,"column":66}},"61":{"start":{"line":135,"column":25},"end":{"line":135,"column":41}},"62":{"start":{"line":136,"column":23},"end":{"line":136,"column":52}},"63":{"start":{"line":137,"column":22},"end":{"line":149,"column":9}},"64":{"start":{"line":150,"column":29},"end":{"line":150,"column":49}},"65":{"start":{"line":151,"column":8},"end":{"line":171,"column":9}},"66":{"start":{"line":152,"column":24},"end":{"line":152,"column":44}},"67":{"start":{"line":153,"column":20},"end":{"line":153,"column":35}},"68":{"start":{"line":154,"column":10},"end":{"line":170,"column":11}},"69":{"start":{"line":154,"column":18},"end":{"line":154,"column":90}},"70":{"start":{"line":156,"column":12},"end":{"line":169,"column":13}},"71":{"start":{"line":157,"column":26},"end":{"line":157,"column":48}},"72":{"start":{"line":158,"column":14},"end":{"line":158,"column":86}},"73":{"start":{"line":159,"column":19},"end":{"line":169,"column":13}},"74":{"start":{"line":160,"column":24},"end":{"line":160,"column":73}},"75":{"start":{"line":161,"column":14},"end":{"line":161,"column":75}},"76":{"start":{"line":162,"column":19},"end":{"line":169,"column":13}},"77":{"start":{"line":163,"column":24},"end":{"line":163,"column":73}},"78":{"start":{"line":164,"column":14},"end":{"line":164,"column":89}},"79":{"start":{"line":165,"column":19},"end":{"line":169,"column":13}},"80":{"start":{"line":166,"column":14},"end":{"line":166,"column":61}},"81":{"start":{"line":168,"column":14},"end":{"line":168,"column":45}},"82":{"start":{"line":172,"column":8},"end":{"line":172,"column":29}},"83":{"start":{"line":173,"column":8},"end":{"line":173,"column":72}},"84":{"start":{"line":173,"column":37},"end":{"line":173,"column":72}},"85":{"start":{"line":176,"column":6},"end":{"line":176,"column":15}},"86":{"start":{"line":181,"column":21},"end":{"line":181,"column":36}},"87":{"start":{"line":182,"column":6},"end":{"line":186,"column":7}},"88":{"start":{"line":183,"column":8},"end":{"line":185,"column":9}},"89":{"start":{"line":184,"column":10},"end":{"line":184,"column":135}},"90":{"start":{"line":188,"column":6},"end":{"line":188,"column":64}},"91":{"start":{"line":188,"column":36},"end":{"line":188,"column":64}},"92":{"start":{"line":189,"column":6},"end":{"line":196,"column":7}},"93":{"start":{"line":190,"column":8},"end":{"line":190,"column":83}},"94":{"start":{"line":190,"column":54},"end":{"line":190,"column":83}},"95":{"start":{"line":191,"column":8},"end":{"line":191,"column":96}},"96":{"start":{"line":191,"column":66},"end":{"line":191,"column":96}},"97":{"start":{"line":192,"column":8},"end":{"line":192,"column":89}},"98":{"start":{"line":192,"column":58},"end":{"line":192,"column":89}},"99":{"start":{"line":193,"column":8},"end":{"line":193,"column":72}},"100":{"start":{"line":193,"column":42},"end":{"line":193,"column":72}},"101":{"start":{"line":194,"column":8},"end":{"line":194,"column":79}},"102":{"start":{"line":194,"column":50},"end":{"line":194,"column":79}},"103":{"start":{"line":195,"column":8},"end":{"line":195,"column":37}},"104":{"start":{"line":197,"column":6},"end":{"line":201,"column":7}},"105":{"start":{"line":198,"column":8},"end":{"line":198,"column":82}},"106":{"start":{"line":198,"column":49},"end":{"line":198,"column":82}},"107":{"start":{"line":199,"column":8},"end":{"line":199,"column":89}},"108":{"start":{"line":199,"column":58},"end":{"line":199,"column":89}},"109":{"start":{"line":200,"column":8},"end":{"line":200,"column":37}},"110":{"start":{"line":202,"column":6},"end":{"line":202,"column":68}},"111":{"start":{"line":207,"column":19},"end":{"line":207,"column":57}},"112":{"start":{"line":207,"column":46},"end":{"line":207,"column":55}},"113":{"start":{"line":208,"column":26},"end":{"line":211,"column":9}},"114":{"start":{"line":209,"column":18},"end":{"line":209,"column":36}},"115":{"start":{"line":210,"column":8},"end":{"line":210,"column":88}},"116":{"start":{"line":214,"column":22},"end":{"line":214,"column":39}},"117":{"start":{"line":215,"column":8},"end":{"line":215,"column":44}},"118":{"start":{"line":215,"column":33},"end":{"line":215,"column":44}},"119":{"start":{"line":216,"column":8},"end":{"line":216,"column":27}},"120":{"start":{"line":217,"column":28},"end":{"line":217,"column":63}},"121":{"start":{"line":218,"column":17},"end":{"line":218,"column":92}},"122":{"start":{"line":219,"column":8},"end":{"line":219,"column":28}},"123":{"start":{"line":219,"column":17},"end":{"line":219,"column":28}},"124":{"start":{"line":220,"column":8},"end":{"line":224,"column":9}},"125":{"start":{"line":221,"column":25},"end":{"line":221,"column":45}},"126":{"start":{"line":222,"column":10},"end":{"line":222,"column":34}},"127":{"start":{"line":222,"column":23},"end":{"line":222,"column":34}},"128":{"start":{"line":223,"column":10},"end":{"line":223,"column":54}},"129":{"start":{"line":225,"column":8},"end":{"line":225,"column":17}},"130":{"start":{"line":228,"column":6},"end":{"line":236,"column":7}},"131":{"start":{"line":229,"column":21},"end":{"line":229,"column":51}},"132":{"start":{"line":230,"column":22},"end":{"line":230,"column":56}},"133":{"start":{"line":230,"column":51},"end":{"line":230,"column":55}},"134":{"start":{"line":231,"column":8},"end":{"line":231,"column":40}},"135":{"start":{"line":232,"column":8},"end":{"line":235,"column":9}},"136":{"start":{"line":233,"column":20},"end":{"line":233,"column":45}},"137":{"start":{"line":234,"column":10},"end":{"line":234,"column":39}},"138":{"start":{"line":234,"column":17},"end":{"line":234,"column":39}},"139":{"start":{"line":237,"column":6},"end":{"line":237,"column":15}},"140":{"start":{"line":242,"column":20},"end":{"line":242,"column":22}},"141":{"start":{"line":243,"column":6},"end":{"line":243,"column":50}},"142":{"start":{"line":244,"column":26},"end":{"line":244,"column":46}},"143":{"start":{"line":245,"column":21},"end":{"line":245,"column":45}},"144":{"start":{"line":246,"column":6},"end":{"line":246,"column":27}},"145":{"start":{"line":247,"column":6},"end":{"line":259,"column":7}},"146":{"start":{"line":248,"column":21},"end":{"line":248,"column":48}},"147":{"start":{"line":249,"column":23},"end":{"line":249,"column":115}},"148":{"start":{"line":250,"column":8},"end":{"line":250,"column":29}},"149":{"start":{"line":250,"column":21},"end":{"line":250,"column":29}},"150":{"start":{"line":251,"column":19},"end":{"line":251,"column":72}},"151":{"start":{"line":252,"column":8},"end":{"line":252,"column":25}},"152":{"start":{"line":252,"column":17},"end":{"line":252,"column":25}},"153":{"start":{"line":253,"column":8},"end":{"line":258,"column":89}},"154":{"start":{"line":254,"column":22},"end":{"line":254,"column":86}},"155":{"start":{"line":255,"column":10},"end":{"line":255,"column":55}},"156":{"start":{"line":255,"column":19},"end":{"line":255,"column":55}},"157":{"start":{"line":256,"column":15},"end":{"line":258,"column":89}},"158":{"start":{"line":256,"column":27},"end":{"line":256,"column":65}},"159":{"start":{"line":257,"column":13},"end":{"line":258,"column":89}},"160":{"start":{"line":257,"column":49},"end":{"line":257,"column":91}},"161":{"start":{"line":258,"column":13},"end":{"line":258,"column":89}},"162":{"start":{"line":258,"column":29},"end":{"line":258,"column":87}},"163":{"start":{"line":260,"column":6},"end":{"line":260,"column":21}},"164":{"start":{"line":262,"column":6},"end":{"line":280,"column":7}},"165":{"start":{"line":263,"column":21},"end":{"line":263,"column":40}},"166":{"start":{"line":264,"column":22},"end":{"line":264,"column":39}},"167":{"start":{"line":265,"column":8},"end":{"line":279,"column":9}},"168":{"start":{"line":266,"column":22},"end":{"line":266,"column":113}},"169":{"start":{"line":267,"column":10},"end":{"line":267,"column":32}},"170":{"start":{"line":268,"column":10},"end":{"line":277,"column":11}},"171":{"start":{"line":268,"column":48},"end":{"line":268,"column":71}},"172":{"start":{"line":269,"column":23},"end":{"line":269,"column":93}},"173":{"start":{"line":270,"column":12},"end":{"line":270,"column":29}},"174":{"start":{"line":270,"column":21},"end":{"line":270,"column":29}},"175":{"start":{"line":271,"column":12},"end":{"line":276,"column":93}},"176":{"start":{"line":272,"column":26},"end":{"line":272,"column":90}},"177":{"start":{"line":273,"column":14},"end":{"line":273,"column":59}},"178":{"start":{"line":273,"column":23},"end":{"line":273,"column":59}},"179":{"start":{"line":274,"column":19},"end":{"line":276,"column":93}},"180":{"start":{"line":274,"column":31},"end":{"line":274,"column":69}},"181":{"start":{"line":275,"column":17},"end":{"line":276,"column":93}},"182":{"start":{"line":275,"column":53},"end":{"line":275,"column":95}},"183":{"start":{"line":276,"column":17},"end":{"line":276,"column":93}},"184":{"start":{"line":276,"column":33},"end":{"line":276,"column":91}},"185":{"start":{"line":278,"column":10},"end":{"line":278,"column":25}},"186":{"start":{"line":281,"column":6},"end":{"line":281,"column":29}},"187":{"start":{"line":290,"column":16},"end":{"line":290,"column":19}},"188":{"start":{"line":291,"column":6},"end":{"line":296,"column":7}},"189":{"start":{"line":291,"column":17},"end":{"line":291,"column":18}},"190":{"start":{"line":292,"column":18},"end":{"line":292,"column":28}},"191":{"start":{"line":293,"column":8},"end":{"line":293,"column":63}},"192":{"start":{"line":293,"column":39},"end":{"line":293,"column":54}},"193":{"start":{"line":293,"column":55},"end":{"line":293,"column":61}},"194":{"start":{"line":294,"column":8},"end":{"line":294,"column":62}},"195":{"start":{"line":294,"column":51},"end":{"line":294,"column":62}},"196":{"start":{"line":295,"column":8},"end":{"line":295,"column":20}},"197":{"start":{"line":303,"column":19},"end":{"line":303,"column":117}},"198":{"start":{"line":304,"column":21},"end":{"line":304,"column":46}},"199":{"start":{"line":306,"column":20},"end":{"line":306,"column":39}},"200":{"start":{"line":307,"column":6},"end":{"line":312,"column":7}},"201":{"start":{"line":308,"column":20},"end":{"line":308,"column":64}},"202":{"start":{"line":309,"column":8},"end":{"line":309,"column":26}},"203":{"start":{"line":309,"column":18},"end":{"line":309,"column":26}},"204":{"start":{"line":310,"column":8},"end":{"line":310,"column":40}},"205":{"start":{"line":310,"column":25},"end":{"line":310,"column":40}},"206":{"start":{"line":311,"column":8},"end":{"line":311,"column":26}},"207":{"start":{"line":314,"column":6},"end":{"line":316,"column":7}},"208":{"start":{"line":315,"column":8},"end":{"line":315,"column":83}},"209":{"start":{"line":318,"column":6},"end":{"line":318,"column":19}},"210":{"start":{"line":322,"column":22},"end":{"line":322,"column":24}},"211":{"start":{"line":323,"column":6},"end":{"line":328,"column":7}},"212":{"start":{"line":324,"column":24},"end":{"line":324,"column":60}},"213":{"start":{"line":325,"column":22},"end":{"line":325,"column":60}},"214":{"start":{"line":326,"column":8},"end":{"line":327,"column":62}},"215":{"start":{"line":326,"column":36},"end":{"line":326,"column":70}},"216":{"start":{"line":327,"column":13},"end":{"line":327,"column":62}},"217":{"start":{"line":329,"column":6},"end":{"line":329,"column":20}},"218":{"start":{"line":333,"column":20},"end":{"line":333,"column":41}},"219":{"start":{"line":334,"column":23},"end":{"line":334,"column":37}},"220":{"start":{"line":335,"column":18},"end":{"line":335,"column":78}},"221":{"start":{"line":336,"column":23},"end":{"line":336,"column":67}},"222":{"start":{"line":337,"column":18},"end":{"line":337,"column":31}},"223":{"start":{"line":338,"column":6},"end":{"line":338,"column":65}},"224":{"start":{"line":338,"column":54},"end":{"line":338,"column":65}},"225":{"start":{"line":339,"column":6},"end":{"line":341,"column":7}},"226":{"start":{"line":340,"column":8},"end":{"line":340,"column":54}},"227":{"start":{"line":340,"column":28},"end":{"line":340,"column":53}},"228":{"start":{"line":342,"column":6},"end":{"line":342,"column":16}},"229":{"start":{"line":346,"column":22},"end":{"line":350,"column":7}},"230":{"start":{"line":351,"column":18},"end":{"line":351,"column":38}},"231":{"start":{"line":352,"column":6},"end":{"line":352,"column":39}},"232":{"start":{"line":356,"column":19},"end":{"line":356,"column":53}},"233":{"start":{"line":357,"column":21},"end":{"line":357,"column":113}},"234":{"start":{"line":358,"column":17},"end":{"line":358,"column":100}},"235":{"start":{"line":359,"column":6},"end":{"line":361,"column":7}},"236":{"start":{"line":360,"column":8},"end":{"line":360,"column":58}},"237":{"start":{"line":362,"column":6},"end":{"line":362,"column":35}},"238":{"start":{"line":362,"column":23},"end":{"line":362,"column":35}},"239":{"start":{"line":363,"column":6},"end":{"line":363,"column":71}},"240":{"start":{"line":363,"column":47},"end":{"line":363,"column":71}},"241":{"start":{"line":364,"column":6},"end":{"line":364,"column":43}},"242":{"start":{"line":364,"column":27},"end":{"line":364,"column":43}},"243":{"start":{"line":365,"column":6},"end":{"line":365,"column":25}},"244":{"start":{"line":369,"column":6},"end":{"line":373,"column":7}},"245":{"start":{"line":372,"column":36},"end":{"line":372,"column":210}},"246":{"start":{"line":377,"column":18},"end":{"line":398,"column":7}},"247":{"start":{"line":400,"column":21},"end":{"line":400,"column":47}},"248":{"start":{"line":401,"column":8},"end":{"line":401,"column":112}},"249":{"start":{"line":401,"column":35},"end":{"line":401,"column":111}},"250":{"start":{"line":403,"column":20},"end":{"line":403,"column":22}},"251":{"start":{"line":404,"column":6},"end":{"line":404,"column":64}},"252":{"start":{"line":405,"column":6},"end":{"line":405,"column":27}},"253":{"start":{"line":406,"column":6},"end":{"line":411,"column":7}},"254":{"start":{"line":407,"column":18},"end":{"line":407,"column":41}},"255":{"start":{"line":408,"column":8},"end":{"line":408,"column":24}},"256":{"start":{"line":408,"column":16},"end":{"line":408,"column":24}},"257":{"start":{"line":409,"column":8},"end":{"line":410,"column":61}},"258":{"start":{"line":409,"column":30},"end":{"line":409,"column":73}},"259":{"start":{"line":410,"column":13},"end":{"line":410,"column":61}},"260":{"start":{"line":412,"column":6},"end":{"line":412,"column":21}},"261":{"start":{"line":413,"column":6},"end":{"line":426,"column":7}},"262":{"start":{"line":414,"column":21},"end":{"line":414,"column":43}},"263":{"start":{"line":415,"column":8},"end":{"line":425,"column":9}},"264":{"start":{"line":416,"column":22},"end":{"line":416,"column":113}},"265":{"start":{"line":417,"column":10},"end":{"line":417,"column":32}},"266":{"start":{"line":418,"column":10},"end":{"line":423,"column":11}},"267":{"start":{"line":419,"column":22},"end":{"line":419,"column":45}},"268":{"start":{"line":420,"column":12},"end":{"line":420,"column":28}},"269":{"start":{"line":420,"column":20},"end":{"line":420,"column":28}},"270":{"start":{"line":421,"column":12},"end":{"line":422,"column":65}},"271":{"start":{"line":421,"column":34},"end":{"line":421,"column":77}},"272":{"start":{"line":422,"column":17},"end":{"line":422,"column":65}},"273":{"start":{"line":424,"column":10},"end":{"line":424,"column":25}},"274":{"start":{"line":427,"column":6},"end":{"line":427,"column":29}},"275":{"start":{"line":431,"column":2},"end":{"line":431,"column":41}}},"fnMap":{"0":{"name":"(anonymous_0)","decl":{"start":{"line":5,"column":1},"end":{"line":5,"column":2}},"loc":{"start":{"line":5,"column":26},"end":{"line":11,"column":1}},"line":5},"1":{"name":"(anonymous_1)","decl":{"start":{"line":11,"column":46},"end":{"line":11,"column":47}},"loc":{"start":{"line":11,"column":58},"end":{"line":432,"column":1}},"line":11},"2":{"name":"toSegments","decl":{"start":{"line":43,"column":11},"end":{"line":43,"column":21}},"loc":{"start":{"line":43,"column":34},"end":{"line":76,"column":3}},"line":43},"3":{"name":"(anonymous_3)","decl":{"start":{"line":66,"column":22},"end":{"line":66,"column":23}},"loc":{"start":{"line":66,"column":27},"end":{"line":72,"column":5}},"line":66},"4":{"name":"(anonymous_4)","decl":{"start":{"line":70,"column":72},"end":{"line":70,"column":73}},"loc":{"start":{"line":70,"column":82},"end":{"line":70,"column":97}},"line":70},"5":{"name":"colorToRgbTuple","decl":{"start":{"line":78,"column":11},"end":{"line":78,"column":26}},"loc":{"start":{"line":78,"column":31},"end":{"line":88,"column":3}},"line":78},"6":{"name":"(anonymous_6)","decl":{"start":{"line":80,"column":16},"end":{"line":80,"column":17}},"loc":{"start":{"line":80,"column":23},"end":{"line":80,"column":67}},"line":80},"7":{"name":"aliasRef","decl":{"start":{"line":90,"column":11},"end":{"line":90,"column":19}},"loc":{"start":{"line":90,"column":26},"end":{"line":92,"column":3}},"line":90},"8":{"name":"toCssVarName","decl":{"start":{"line":94,"column":11},"end":{"line":94,"column":23}},"loc":{"start":{"line":94,"column":40},"end":{"line":99,"column":3}},"line":94},"9":{"name":"(anonymous_9)","decl":{"start":{"line":105,"column":4},"end":{"line":105,"column":5}},"loc":{"start":{"line":105,"column":24},"end":{"line":110,"column":5}},"line":105},"10":{"name":"(anonymous_10)","decl":{"start":{"line":113,"column":4},"end":{"line":113,"column":5}},"loc":{"start":{"line":113,"column":20},"end":{"line":177,"column":5}},"line":113},"11":{"name":"(anonymous_11)","decl":{"start":{"line":128,"column":114},"end":{"line":128,"column":115}},"loc":{"start":{"line":128,"column":118},"end":{"line":128,"column":174}},"line":128},"12":{"name":"(anonymous_12)","decl":{"start":{"line":180,"column":4},"end":{"line":180,"column":5}},"loc":{"start":{"line":180,"column":39},"end":{"line":203,"column":5}},"line":180},"13":{"name":"(anonymous_13)","decl":{"start":{"line":206,"column":4},"end":{"line":206,"column":5}},"loc":{"start":{"line":206,"column":22},"end":{"line":238,"column":5}},"line":206},"14":{"name":"(anonymous_14)","decl":{"start":{"line":207,"column":41},"end":{"line":207,"column":42}},"loc":{"start":{"line":207,"column":46},"end":{"line":207,"column":55}},"line":207},"15":{"name":"(anonymous_15)","decl":{"start":{"line":208,"column":66},"end":{"line":208,"column":67}},"loc":{"start":{"line":208,"column":72},"end":{"line":211,"column":7}},"line":208},"16":{"name":"resolveForMode","decl":{"start":{"line":213,"column":15},"end":{"line":213,"column":29}},"loc":{"start":{"line":213,"column":50},"end":{"line":226,"column":7}},"line":213},"17":{"name":"(anonymous_17)","decl":{"start":{"line":230,"column":46},"end":{"line":230,"column":47}},"loc":{"start":{"line":230,"column":51},"end":{"line":230,"column":55}},"line":230},"18":{"name":"(anonymous_18)","decl":{"start":{"line":241,"column":4},"end":{"line":241,"column":5}},"loc":{"start":{"line":241,"column":22},"end":{"line":282,"column":5}},"line":241},"19":{"name":"(anonymous_19)","decl":{"start":{"line":268,"column":43},"end":{"line":268,"column":44}},"loc":{"start":{"line":268,"column":48},"end":{"line":268,"column":71}},"line":268},"20":{"name":"(anonymous_20)","decl":{"start":{"line":289,"column":4},"end":{"line":289,"column":5}},"loc":{"start":{"line":289,"column":39},"end":{"line":297,"column":5}},"line":289},"21":{"name":"(anonymous_21)","decl":{"start":{"line":302,"column":4},"end":{"line":302,"column":5}},"loc":{"start":{"line":302,"column":39},"end":{"line":319,"column":5}},"line":302},"22":{"name":"(anonymous_22)","decl":{"start":{"line":321,"column":4},"end":{"line":321,"column":5}},"loc":{"start":{"line":321,"column":46},"end":{"line":330,"column":5}},"line":321},"23":{"name":"(anonymous_23)","decl":{"start":{"line":332,"column":4},"end":{"line":332,"column":5}},"loc":{"start":{"line":332,"column":39},"end":{"line":343,"column":5}},"line":332},"24":{"name":"(anonymous_24)","decl":{"start":{"line":340,"column":23},"end":{"line":340,"column":24}},"loc":{"start":{"line":340,"column":28},"end":{"line":340,"column":53}},"line":340},"25":{"name":"(anonymous_25)","decl":{"start":{"line":345,"column":4},"end":{"line":345,"column":5}},"loc":{"start":{"line":345,"column":32},"end":{"line":353,"column":5}},"line":345},"26":{"name":"(anonymous_26)","decl":{"start":{"line":355,"column":4},"end":{"line":355,"column":5}},"loc":{"start":{"line":355,"column":41},"end":{"line":366,"column":5}},"line":355},"27":{"name":"(anonymous_27)","decl":{"start":{"line":368,"column":4},"end":{"line":368,"column":5}},"loc":{"start":{"line":368,"column":20},"end":{"line":374,"column":5}},"line":368},"28":{"name":"(anonymous_28)","decl":{"start":{"line":372,"column":30},"end":{"line":372,"column":31}},"loc":{"start":{"line":372,"column":36},"end":{"line":372,"column":210}},"line":372},"29":{"name":"(anonymous_29)","decl":{"start":{"line":376,"column":4},"end":{"line":376,"column":5}},"loc":{"start":{"line":376,"column":31},"end":{"line":428,"column":5}},"line":376},"30":{"name":"findTokenPath","decl":{"start":{"line":399,"column":15},"end":{"line":399,"column":28}},"loc":{"start":{"line":399,"column":34},"end":{"line":402,"column":7}},"line":399},"31":{"name":"(anonymous_31)","decl":{"start":{"line":401,"column":30},"end":{"line":401,"column":31}},"loc":{"start":{"line":401,"column":35},"end":{"line":401,"column":111}},"line":401}},"branchMap":{"0":{"loc":{"start":{"line":6,"column":2},"end":{"line":10,"column":3}},"type":"if","locations":[{"start":{"line":6,"column":2},"end":{"line":10,"column":3}},{"start":{"line":8,"column":9},"end":{"line":10,"column":3}}],"line":6},"1":{"loc":{"start":{"line":6,"column":6},"end":{"line":6,"column":50}},"type":"binary-expr","locations":[{"start":{"line":6,"column":6},"end":{"line":6,"column":32}},{"start":{"line":6,"column":36},"end":{"line":6,"column":50}}],"line":6},"2":{"loc":{"start":{"line":11,"column":3},"end":{"line":11,"column":44}},"type":"cond-expr","locations":[{"start":{"line":11,"column":33},"end":{"line":11,"column":37}},{"start":{"line":11,"column":40},"end":{"line":11,"column":44}}],"line":11},"3":{"loc":{"start":{"line":44,"column":17},"end":{"line":44,"column":30}},"type":"binary-expr","locations":[{"start":{"line":44,"column":17},"end":{"line":44,"column":24}},{"start":{"line":44,"column":28},"end":{"line":44,"column":30}}],"line":44},"4":{"loc":{"start":{"line":45,"column":16},"end":{"line":45,"column":37}},"type":"binary-expr","locations":[{"start":{"line":45,"column":16},"end":{"line":45,"column":30}},{"start":{"line":45,"column":34},"end":{"line":45,"column":37}}],"line":45},"5":{"loc":{"start":{"line":46,"column":22},"end":{"line":46,"column":47}},"type":"binary-expr","locations":[{"start":{"line":46,"column":22},"end":{"line":46,"column":36}},{"start":{"line":46,"column":40},"end":{"line":46,"column":47}}],"line":46},"6":{"loc":{"start":{"line":47,"column":19},"end":{"line":47,"column":36}},"type":"binary-expr","locations":[{"start":{"line":47,"column":19},"end":{"line":47,"column":30}},{"start":{"line":47,"column":34},"end":{"line":47,"column":36}}],"line":47},"7":{"loc":{"start":{"line":48,"column":21},"end":{"line":48,"column":74}},"type":"cond-expr","locations":[{"start":{"line":48,"column":57},"end":{"line":48,"column":70}},{"start":{"line":48,"column":73},"end":{"line":48,"column":74}}],"line":48},"8":{"loc":{"start":{"line":50,"column":24},"end":{"line":50,"column":31}},"type":"binary-expr","locations":[{"start":{"line":50,"column":24},"end":{"line":50,"column":25}},{"start":{"line":50,"column":29},"end":{"line":50,"column":31}}],"line":50},"9":{"loc":{"start":{"line":59,"column":4},"end":{"line":63,"column":5}},"type":"if","locations":[{"start":{"line":59,"column":4},"end":{"line":63,"column":5}},{"start":{},"end":{}}],"line":59},"10":{"loc":{"start":{"line":59,"column":8},"end":{"line":59,"column":47}},"type":"binary-expr","locations":[{"start":{"line":59,"column":8},"end":{"line":59,"column":20}},{"start":{"line":59,"column":24},"end":{"line":59,"column":47}}],"line":59},"11":{"loc":{"start":{"line":68,"column":6},"end":{"line":68,"column":82}},"type":"if","locations":[{"start":{"line":68,"column":6},"end":{"line":68,"column":82}},{"start":{},"end":{}}],"line":68},"12":{"loc":{"start":{"line":69,"column":6},"end":{"line":69,"column":82}},"type":"if","locations":[{"start":{"line":69,"column":6},"end":{"line":69,"column":82}},{"start":{},"end":{}}],"line":69},"13":{"loc":{"start":{"line":70,"column":6},"end":{"line":70,"column":98}},"type":"if","locations":[{"start":{"line":70,"column":6},"end":{"line":70,"column":98}},{"start":{},"end":{}}],"line":70},"14":{"loc":{"start":{"line":74,"column":4},"end":{"line":74,"column":37}},"type":"if","locations":[{"start":{"line":74,"column":4},"end":{"line":74,"column":37}},{"start":{},"end":{}}],"line":74},"15":{"loc":{"start":{"line":79,"column":4},"end":{"line":79,"column":52}},"type":"if","locations":[{"start":{"line":79,"column":4},"end":{"line":79,"column":52}},{"start":{},"end":{}}],"line":79},"16":{"loc":{"start":{"line":79,"column":8},"end":{"line":79,"column":39}},"type":"binary-expr","locations":[{"start":{"line":79,"column":8},"end":{"line":79,"column":12}},{"start":{"line":79,"column":16},"end":{"line":79,"column":39}}],"line":79},"17":{"loc":{"start":{"line":81,"column":4},"end":{"line":86,"column":5}},"type":"if","locations":[{"start":{"line":81,"column":4},"end":{"line":86,"column":5}},{"start":{},"end":{}}],"line":81},"18":{"loc":{"start":{"line":81,"column":8},"end":{"line":81,"column":40}},"type":"binary-expr","locations":[{"start":{"line":81,"column":8},"end":{"line":81,"column":16}},{"start":{"line":81,"column":20},"end":{"line":81,"column":28}},{"start":{"line":81,"column":32},"end":{"line":81,"column":40}}],"line":81},"19":{"loc":{"start":{"line":82,"column":28},"end":{"line":82,"column":38}},"type":"binary-expr","locations":[{"start":{"line":82,"column":28},"end":{"line":82,"column":33}},{"start":{"line":82,"column":37},"end":{"line":82,"column":38}}],"line":82},"20":{"loc":{"start":{"line":83,"column":28},"end":{"line":83,"column":38}},"type":"binary-expr","locations":[{"start":{"line":83,"column":28},"end":{"line":83,"column":33}},{"start":{"line":83,"column":37},"end":{"line":83,"column":38}}],"line":83},"21":{"loc":{"start":{"line":84,"column":28},"end":{"line":84,"column":38}},"type":"binary-expr","locations":[{"start":{"line":84,"column":28},"end":{"line":84,"column":33}},{"start":{"line":84,"column":37},"end":{"line":84,"column":38}}],"line":84},"22":{"loc":{"start":{"line":91,"column":11},"end":{"line":91,"column":138}},"type":"cond-expr","locations":[{"start":{"line":91,"column":65},"end":{"line":91,"column":131}},{"start":{"line":91,"column":134},"end":{"line":91,"column":138}}],"line":91},"23":{"loc":{"start":{"line":91,"column":11},"end":{"line":91,"column":62}},"type":"binary-expr","locations":[{"start":{"line":91,"column":11},"end":{"line":91,"column":16}},{"start":{"line":91,"column":20},"end":{"line":91,"column":45}},{"start":{"line":91,"column":49},"end":{"line":91,"column":62}}],"line":91},"24":{"loc":{"start":{"line":91,"column":104},"end":{"line":91,"column":129}},"type":"binary-expr","locations":[{"start":{"line":91,"column":104},"end":{"line":91,"column":121}},{"start":{"line":91,"column":125},"end":{"line":91,"column":129}}],"line":91},"25":{"loc":{"start":{"line":96,"column":4},"end":{"line":96,"column":42}},"type":"if","locations":[{"start":{"line":96,"column":4},"end":{"line":96,"column":42}},{"start":{},"end":{}}],"line":96},"26":{"loc":{"start":{"line":106,"column":21},"end":{"line":106,"column":34}},"type":"binary-expr","locations":[{"start":{"line":106,"column":21},"end":{"line":106,"column":28}},{"start":{"line":106,"column":32},"end":{"line":106,"column":34}}],"line":106},"27":{"loc":{"start":{"line":107,"column":28},"end":{"line":107,"column":60}},"type":"binary-expr","locations":[{"start":{"line":107,"column":28},"end":{"line":107,"column":54}},{"start":{"line":107,"column":58},"end":{"line":107,"column":60}}],"line":107},"28":{"loc":{"start":{"line":119,"column":16},"end":{"line":119,"column":37}},"type":"binary-expr","locations":[{"start":{"line":119,"column":16},"end":{"line":119,"column":31}},{"start":{"line":119,"column":35},"end":{"line":119,"column":37}}],"line":119},"29":{"loc":{"start":{"line":121,"column":6},"end":{"line":121,"column":51}},"type":"if","locations":[{"start":{"line":121,"column":6},"end":{"line":121,"column":51}},{"start":{},"end":{}}],"line":121},"30":{"loc":{"start":{"line":121,"column":10},"end":{"line":121,"column":40}},"type":"binary-expr","locations":[{"start":{"line":121,"column":10},"end":{"line":121,"column":18}},{"start":{"line":121,"column":22},"end":{"line":121,"column":40}}],"line":121},"31":{"loc":{"start":{"line":123,"column":26},"end":{"line":123,"column":61}},"type":"binary-expr","locations":[{"start":{"line":123,"column":26},"end":{"line":123,"column":55}},{"start":{"line":123,"column":59},"end":{"line":123,"column":61}}],"line":123},"32":{"loc":{"start":{"line":124,"column":24},"end":{"line":124,"column":57}},"type":"binary-expr","locations":[{"start":{"line":124,"column":24},"end":{"line":124,"column":51}},{"start":{"line":124,"column":55},"end":{"line":124,"column":57}}],"line":124},"33":{"loc":{"start":{"line":128,"column":97},"end":{"line":128,"column":108}},"type":"binary-expr","locations":[{"start":{"line":128,"column":97},"end":{"line":128,"column":104}},{"start":{"line":128,"column":106},"end":{"line":128,"column":108}}],"line":128},"34":{"loc":{"start":{"line":128,"column":124},"end":{"line":128,"column":141}},"type":"binary-expr","locations":[{"start":{"line":128,"column":124},"end":{"line":128,"column":128}},{"start":{"line":128,"column":130},"end":{"line":128,"column":138}},{"start":{"line":128,"column":140},"end":{"line":128,"column":141}}],"line":128},"35":{"loc":{"start":{"line":128,"column":149},"end":{"line":128,"column":172}},"type":"binary-expr","locations":[{"start":{"line":128,"column":149},"end":{"line":128,"column":155}},{"start":{"line":128,"column":157},"end":{"line":128,"column":172}}],"line":128},"36":{"loc":{"start":{"line":128,"column":164},"end":{"line":128,"column":171}},"type":"binary-expr","locations":[{"start":{"line":128,"column":164},"end":{"line":128,"column":168}},{"start":{"line":128,"column":170},"end":{"line":128,"column":171}}],"line":128},"37":{"loc":{"start":{"line":129,"column":34},"end":{"line":129,"column":103}},"type":"binary-expr","locations":[{"start":{"line":129,"column":34},"end":{"line":129,"column":49}},{"start":{"line":129,"column":55},"end":{"line":129,"column":62}},{"start":{"line":129,"column":66},"end":{"line":129,"column":76}},{"start":{"line":129,"column":80},"end":{"line":129,"column":93}},{"start":{"line":129,"column":98},"end":{"line":129,"column":102}}],"line":129},"38":{"loc":{"start":{"line":145,"column":18},"end":{"line":145,"column":62}},"type":"cond-expr","locations":[{"start":{"line":145,"column":43},"end":{"line":145,"column":59}},{"start":{"line":145,"column":60},"end":{"line":145,"column":62}}],"line":145},"39":{"loc":{"start":{"line":146,"column":23},"end":{"line":146,"column":42}},"type":"binary-expr","locations":[{"start":{"line":146,"column":23},"end":{"line":146,"column":36}},{"start":{"line":146,"column":40},"end":{"line":146,"column":42}}],"line":146},"40":{"loc":{"start":{"line":150,"column":29},"end":{"line":150,"column":49}},"type":"binary-expr","locations":[{"start":{"line":150,"column":29},"end":{"line":150,"column":43}},{"start":{"line":150,"column":47},"end":{"line":150,"column":49}}],"line":150},"41":{"loc":{"start":{"line":154,"column":10},"end":{"line":170,"column":11}},"type":"if","locations":[{"start":{"line":154,"column":10},"end":{"line":170,"column":11}},{"start":{"line":155,"column":15},"end":{"line":170,"column":11}}],"line":154},"42":{"loc":{"start":{"line":156,"column":12},"end":{"line":169,"column":13}},"type":"if","locations":[{"start":{"line":156,"column":12},"end":{"line":169,"column":13}},{"start":{"line":159,"column":19},"end":{"line":169,"column":13}}],"line":156},"43":{"loc":{"start":{"line":158,"column":36},"end":{"line":158,"column":86}},"type":"cond-expr","locations":[{"start":{"line":158,"column":42},"end":{"line":158,"column":74}},{"start":{"line":158,"column":77},"end":{"line":158,"column":86}}],"line":158},"44":{"loc":{"start":{"line":159,"column":19},"end":{"line":169,"column":13}},"type":"if","locations":[{"start":{"line":159,"column":19},"end":{"line":169,"column":13}},{"start":{"line":162,"column":19},"end":{"line":169,"column":13}}],"line":159},"45":{"loc":{"start":{"line":160,"column":24},"end":{"line":160,"column":73}},"type":"cond-expr","locations":[{"start":{"line":160,"column":52},"end":{"line":160,"column":57}},{"start":{"line":160,"column":60},"end":{"line":160,"column":73}}],"line":160},"46":{"loc":{"start":{"line":161,"column":36},"end":{"line":161,"column":75}},"type":"cond-expr","locations":[{"start":{"line":161,"column":50},"end":{"line":161,"column":63}},{"start":{"line":161,"column":66},"end":{"line":161,"column":75}}],"line":161},"47":{"loc":{"start":{"line":162,"column":19},"end":{"line":169,"column":13}},"type":"if","locations":[{"start":{"line":162,"column":19},"end":{"line":169,"column":13}},{"start":{"line":165,"column":19},"end":{"line":169,"column":13}}],"line":162},"48":{"loc":{"start":{"line":162,"column":23},"end":{"line":162,"column":151}},"type":"binary-expr","locations":[{"start":{"line":162,"column":23},"end":{"line":162,"column":44}},{"start":{"line":162,"column":48},"end":{"line":162,"column":70}},{"start":{"line":162,"column":74},"end":{"line":162,"column":95}},{"start":{"line":162,"column":99},"end":{"line":162,"column":122}},{"start":{"line":162,"column":126},"end":{"line":162,"column":151}}],"line":162},"49":{"loc":{"start":{"line":163,"column":24},"end":{"line":163,"column":73}},"type":"cond-expr","locations":[{"start":{"line":163,"column":52},"end":{"line":163,"column":57}},{"start":{"line":163,"column":60},"end":{"line":163,"column":73}}],"line":163},"50":{"loc":{"start":{"line":164,"column":36},"end":{"line":164,"column":89}},"type":"cond-expr","locations":[{"start":{"line":164,"column":50},"end":{"line":164,"column":77}},{"start":{"line":164,"column":80},"end":{"line":164,"column":89}}],"line":164},"51":{"loc":{"start":{"line":165,"column":19},"end":{"line":169,"column":13}},"type":"if","locations":[{"start":{"line":165,"column":19},"end":{"line":169,"column":13}},{"start":{"line":167,"column":19},"end":{"line":169,"column":13}}],"line":165},"52":{"loc":{"start":{"line":165,"column":23},"end":{"line":165,"column":73}},"type":"binary-expr","locations":[{"start":{"line":165,"column":23},"end":{"line":165,"column":44}},{"start":{"line":165,"column":48},"end":{"line":165,"column":73}}],"line":165},"53":{"loc":{"start":{"line":173,"column":8},"end":{"line":173,"column":72}},"type":"if","locations":[{"start":{"line":173,"column":8},"end":{"line":173,"column":72}},{"start":{},"end":{}}],"line":173},"54":{"loc":{"start":{"line":183,"column":8},"end":{"line":185,"column":9}},"type":"if","locations":[{"start":{"line":183,"column":8},"end":{"line":185,"column":9}},{"start":{},"end":{}}],"line":183},"55":{"loc":{"start":{"line":184,"column":57},"end":{"line":184,"column":81}},"type":"binary-expr","locations":[{"start":{"line":184,"column":57},"end":{"line":184,"column":73}},{"start":{"line":184,"column":77},"end":{"line":184,"column":81}}],"line":184},"56":{"loc":{"start":{"line":184,"column":94},"end":{"line":184,"column":133}},"type":"binary-expr","locations":[{"start":{"line":184,"column":94},"end":{"line":184,"column":108}},{"start":{"line":184,"column":112},"end":{"line":184,"column":133}}],"line":184},"57":{"loc":{"start":{"line":188,"column":6},"end":{"line":188,"column":64}},"type":"if","locations":[{"start":{"line":188,"column":6},"end":{"line":188,"column":64}},{"start":{},"end":{}}],"line":188},"58":{"loc":{"start":{"line":189,"column":6},"end":{"line":196,"column":7}},"type":"if","locations":[{"start":{"line":189,"column":6},"end":{"line":196,"column":7}},{"start":{},"end":{}}],"line":189},"59":{"loc":{"start":{"line":190,"column":8},"end":{"line":190,"column":83}},"type":"if","locations":[{"start":{"line":190,"column":8},"end":{"line":190,"column":83}},{"start":{},"end":{}}],"line":190},"60":{"loc":{"start":{"line":191,"column":8},"end":{"line":191,"column":96}},"type":"if","locations":[{"start":{"line":191,"column":8},"end":{"line":191,"column":96}},{"start":{},"end":{}}],"line":191},"61":{"loc":{"start":{"line":192,"column":8},"end":{"line":192,"column":89}},"type":"if","locations":[{"start":{"line":192,"column":8},"end":{"line":192,"column":89}},{"start":{},"end":{}}],"line":192},"62":{"loc":{"start":{"line":193,"column":8},"end":{"line":193,"column":72}},"type":"if","locations":[{"start":{"line":193,"column":8},"end":{"line":193,"column":72}},{"start":{},"end":{}}],"line":193},"63":{"loc":{"start":{"line":194,"column":8},"end":{"line":194,"column":79}},"type":"if","locations":[{"start":{"line":194,"column":8},"end":{"line":194,"column":79}},{"start":{},"end":{}}],"line":194},"64":{"loc":{"start":{"line":197,"column":6},"end":{"line":201,"column":7}},"type":"if","locations":[{"start":{"line":197,"column":6},"end":{"line":201,"column":7}},{"start":{},"end":{}}],"line":197},"65":{"loc":{"start":{"line":198,"column":8},"end":{"line":198,"column":82}},"type":"if","locations":[{"start":{"line":198,"column":8},"end":{"line":198,"column":82}},{"start":{},"end":{}}],"line":198},"66":{"loc":{"start":{"line":199,"column":8},"end":{"line":199,"column":89}},"type":"if","locations":[{"start":{"line":199,"column":8},"end":{"line":199,"column":89}},{"start":{},"end":{}}],"line":199},"67":{"loc":{"start":{"line":202,"column":26},"end":{"line":202,"column":51}},"type":"binary-expr","locations":[{"start":{"line":202,"column":26},"end":{"line":202,"column":38}},{"start":{"line":202,"column":42},"end":{"line":202,"column":51}}],"line":202},"68":{"loc":{"start":{"line":210,"column":20},"end":{"line":210,"column":87}},"type":"binary-expr","locations":[{"start":{"line":210,"column":20},"end":{"line":210,"column":35}},{"start":{"line":210,"column":40},"end":{"line":210,"column":47}},{"start":{"line":210,"column":51},"end":{"line":210,"column":61}},{"start":{"line":210,"column":65},"end":{"line":210,"column":78}},{"start":{"line":210,"column":83},"end":{"line":210,"column":87}}],"line":210},"69":{"loc":{"start":{"line":214,"column":22},"end":{"line":214,"column":39}},"type":"binary-expr","locations":[{"start":{"line":214,"column":22},"end":{"line":214,"column":26}},{"start":{"line":214,"column":30},"end":{"line":214,"column":39}}],"line":214},"70":{"loc":{"start":{"line":215,"column":8},"end":{"line":215,"column":44}},"type":"if","locations":[{"start":{"line":215,"column":8},"end":{"line":215,"column":44}},{"start":{},"end":{}}],"line":215},"71":{"loc":{"start":{"line":218,"column":17},"end":{"line":218,"column":92}},"type":"binary-expr","locations":[{"start":{"line":218,"column":17},"end":{"line":218,"column":36}},{"start":{"line":218,"column":41},"end":{"line":218,"column":91}}],"line":218},"72":{"loc":{"start":{"line":218,"column":41},"end":{"line":218,"column":91}},"type":"cond-expr","locations":[{"start":{"line":218,"column":55},"end":{"line":218,"column":79}},{"start":{"line":218,"column":82},"end":{"line":218,"column":91}}],"line":218},"73":{"loc":{"start":{"line":219,"column":8},"end":{"line":219,"column":28}},"type":"if","locations":[{"start":{"line":219,"column":8},"end":{"line":219,"column":28}},{"start":{},"end":{}}],"line":219},"74":{"loc":{"start":{"line":220,"column":8},"end":{"line":224,"column":9}},"type":"if","locations":[{"start":{"line":220,"column":8},"end":{"line":224,"column":9}},{"start":{},"end":{}}],"line":220},"75":{"loc":{"start":{"line":222,"column":10},"end":{"line":222,"column":34}},"type":"if","locations":[{"start":{"line":222,"column":10},"end":{"line":222,"column":34}},{"start":{},"end":{}}],"line":222},"76":{"loc":{"start":{"line":230,"column":23},"end":{"line":230,"column":40}},"type":"binary-expr","locations":[{"start":{"line":230,"column":23},"end":{"line":230,"column":34}},{"start":{"line":230,"column":38},"end":{"line":230,"column":40}}],"line":230},"77":{"loc":{"start":{"line":234,"column":10},"end":{"line":234,"column":39}},"type":"if","locations":[{"start":{"line":234,"column":10},"end":{"line":234,"column":39}},{"start":{},"end":{}}],"line":234},"78":{"loc":{"start":{"line":244,"column":26},"end":{"line":244,"column":46}},"type":"binary-expr","locations":[{"start":{"line":244,"column":26},"end":{"line":244,"column":40}},{"start":{"line":244,"column":44},"end":{"line":244,"column":46}}],"line":244},"79":{"loc":{"start":{"line":249,"column":23},"end":{"line":249,"column":115}},"type":"cond-expr","locations":[{"start":{"line":249,"column":31},"end":{"line":249,"column":102}},{"start":{"line":249,"column":106},"end":{"line":249,"column":115}}],"line":249},"80":{"loc":{"start":{"line":249,"column":31},"end":{"line":249,"column":102}},"type":"binary-expr","locations":[{"start":{"line":249,"column":31},"end":{"line":249,"column":49}},{"start":{"line":249,"column":54},"end":{"line":249,"column":64}},{"start":{"line":249,"column":68},"end":{"line":249,"column":81}},{"start":{"line":249,"column":85},"end":{"line":249,"column":101}}],"line":249},"81":{"loc":{"start":{"line":250,"column":8},"end":{"line":250,"column":29}},"type":"if","locations":[{"start":{"line":250,"column":8},"end":{"line":250,"column":29}},{"start":{},"end":{}}],"line":250},"82":{"loc":{"start":{"line":251,"column":19},"end":{"line":251,"column":72}},"type":"binary-expr","locations":[{"start":{"line":251,"column":20},"end":{"line":251,"column":30}},{"start":{"line":251,"column":34},"end":{"line":251,"column":52}},{"start":{"line":251,"column":57},"end":{"line":251,"column":72}}],"line":251},"83":{"loc":{"start":{"line":252,"column":8},"end":{"line":252,"column":25}},"type":"if","locations":[{"start":{"line":252,"column":8},"end":{"line":252,"column":25}},{"start":{},"end":{}}],"line":252},"84":{"loc":{"start":{"line":253,"column":8},"end":{"line":258,"column":89}},"type":"if","locations":[{"start":{"line":253,"column":8},"end":{"line":258,"column":89}},{"start":{"line":256,"column":15},"end":{"line":258,"column":89}}],"line":253},"85":{"loc":{"start":{"line":253,"column":12},"end":{"line":253,"column":61}},"type":"binary-expr","locations":[{"start":{"line":253,"column":12},"end":{"line":253,"column":34}},{"start":{"line":253,"column":39},"end":{"line":253,"column":50}},{"start":{"line":253,"column":54},"end":{"line":253,"column":60}}],"line":253},"86":{"loc":{"start":{"line":254,"column":22},"end":{"line":254,"column":86}},"type":"binary-expr","locations":[{"start":{"line":254,"column":22},"end":{"line":254,"column":33}},{"start":{"line":254,"column":38},"end":{"line":254,"column":85}}],"line":254},"87":{"loc":{"start":{"line":254,"column":38},"end":{"line":254,"column":85}},"type":"cond-expr","locations":[{"start":{"line":254,"column":62},"end":{"line":254,"column":78}},{"start":{"line":254,"column":81},"end":{"line":254,"column":85}}],"line":254},"88":{"loc":{"start":{"line":255,"column":10},"end":{"line":255,"column":55}},"type":"if","locations":[{"start":{"line":255,"column":10},"end":{"line":255,"column":55}},{"start":{},"end":{}}],"line":255},"89":{"loc":{"start":{"line":256,"column":15},"end":{"line":258,"column":89}},"type":"if","locations":[{"start":{"line":256,"column":15},"end":{"line":258,"column":89}},{"start":{"line":257,"column":13},"end":{"line":258,"column":89}}],"line":256},"90":{"loc":{"start":{"line":257,"column":13},"end":{"line":258,"column":89}},"type":"if","locations":[{"start":{"line":257,"column":13},"end":{"line":258,"column":89}},{"start":{"line":258,"column":13},"end":{"line":258,"column":89}}],"line":257},"91":{"loc":{"start":{"line":258,"column":13},"end":{"line":258,"column":89}},"type":"if","locations":[{"start":{"line":258,"column":13},"end":{"line":258,"column":89}},{"start":{},"end":{}}],"line":258},"92":{"loc":{"start":{"line":264,"column":22},"end":{"line":264,"column":39}},"type":"binary-expr","locations":[{"start":{"line":264,"column":22},"end":{"line":264,"column":33}},{"start":{"line":264,"column":37},"end":{"line":264,"column":39}}],"line":264},"93":{"loc":{"start":{"line":266,"column":39},"end":{"line":266,"column":62}},"type":"binary-expr","locations":[{"start":{"line":266,"column":39},"end":{"line":266,"column":48}},{"start":{"line":266,"column":50},"end":{"line":266,"column":62}}],"line":266},"94":{"loc":{"start":{"line":266,"column":82},"end":{"line":266,"column":94}},"type":"binary-expr","locations":[{"start":{"line":266,"column":82},"end":{"line":266,"column":88}},{"start":{"line":266,"column":90},"end":{"line":266,"column":94}}],"line":266},"95":{"loc":{"start":{"line":269,"column":23},"end":{"line":269,"column":93}},"type":"binary-expr","locations":[{"start":{"line":269,"column":24},"end":{"line":269,"column":34}},{"start":{"line":269,"column":38},"end":{"line":269,"column":54}},{"start":{"line":269,"column":59},"end":{"line":269,"column":72}},{"start":{"line":269,"column":76},"end":{"line":269,"column":93}}],"line":269},"96":{"loc":{"start":{"line":270,"column":12},"end":{"line":270,"column":29}},"type":"if","locations":[{"start":{"line":270,"column":12},"end":{"line":270,"column":29}},{"start":{},"end":{}}],"line":270},"97":{"loc":{"start":{"line":271,"column":12},"end":{"line":276,"column":93}},"type":"if","locations":[{"start":{"line":271,"column":12},"end":{"line":276,"column":93}},{"start":{"line":274,"column":19},"end":{"line":276,"column":93}}],"line":271},"98":{"loc":{"start":{"line":271,"column":16},"end":{"line":271,"column":65}},"type":"binary-expr","locations":[{"start":{"line":271,"column":16},"end":{"line":271,"column":38}},{"start":{"line":271,"column":43},"end":{"line":271,"column":54}},{"start":{"line":271,"column":58},"end":{"line":271,"column":64}}],"line":271},"99":{"loc":{"start":{"line":272,"column":26},"end":{"line":272,"column":90}},"type":"binary-expr","locations":[{"start":{"line":272,"column":26},"end":{"line":272,"column":37}},{"start":{"line":272,"column":42},"end":{"line":272,"column":89}}],"line":272},"100":{"loc":{"start":{"line":272,"column":42},"end":{"line":272,"column":89}},"type":"cond-expr","locations":[{"start":{"line":272,"column":66},"end":{"line":272,"column":82}},{"start":{"line":272,"column":85},"end":{"line":272,"column":89}}],"line":272},"101":{"loc":{"start":{"line":273,"column":14},"end":{"line":273,"column":59}},"type":"if","locations":[{"start":{"line":273,"column":14},"end":{"line":273,"column":59}},{"start":{},"end":{}}],"line":273},"102":{"loc":{"start":{"line":274,"column":19},"end":{"line":276,"column":93}},"type":"if","locations":[{"start":{"line":274,"column":19},"end":{"line":276,"column":93}},{"start":{"line":275,"column":17},"end":{"line":276,"column":93}}],"line":274},"103":{"loc":{"start":{"line":275,"column":17},"end":{"line":276,"column":93}},"type":"if","locations":[{"start":{"line":275,"column":17},"end":{"line":276,"column":93}},{"start":{"line":276,"column":17},"end":{"line":276,"column":93}}],"line":275},"104":{"loc":{"start":{"line":276,"column":17},"end":{"line":276,"column":93}},"type":"if","locations":[{"start":{"line":276,"column":17},"end":{"line":276,"column":93}},{"start":{},"end":{}}],"line":276},"105":{"loc":{"start":{"line":293,"column":8},"end":{"line":293,"column":63}},"type":"if","locations":[{"start":{"line":293,"column":8},"end":{"line":293,"column":63}},{"start":{},"end":{}}],"line":293},"106":{"loc":{"start":{"line":294,"column":8},"end":{"line":294,"column":62}},"type":"if","locations":[{"start":{"line":294,"column":8},"end":{"line":294,"column":62}},{"start":{},"end":{}}],"line":294},"107":{"loc":{"start":{"line":294,"column":12},"end":{"line":294,"column":49}},"type":"binary-expr","locations":[{"start":{"line":294,"column":12},"end":{"line":294,"column":19}},{"start":{"line":294,"column":23},"end":{"line":294,"column":49}}],"line":294},"108":{"loc":{"start":{"line":308,"column":20},"end":{"line":308,"column":64}},"type":"binary-expr","locations":[{"start":{"line":308,"column":20},"end":{"line":308,"column":34}},{"start":{"line":308,"column":38},"end":{"line":308,"column":64}}],"line":308},"109":{"loc":{"start":{"line":309,"column":8},"end":{"line":309,"column":26}},"type":"if","locations":[{"start":{"line":309,"column":8},"end":{"line":309,"column":26}},{"start":{},"end":{}}],"line":309},"110":{"loc":{"start":{"line":310,"column":8},"end":{"line":310,"column":40}},"type":"if","locations":[{"start":{"line":310,"column":8},"end":{"line":310,"column":40}},{"start":{},"end":{}}],"line":310},"111":{"loc":{"start":{"line":326,"column":8},"end":{"line":327,"column":62}},"type":"if","locations":[{"start":{"line":326,"column":8},"end":{"line":327,"column":62}},{"start":{"line":327,"column":13},"end":{"line":327,"column":62}}],"line":326},"112":{"loc":{"start":{"line":335,"column":18},"end":{"line":335,"column":78}},"type":"binary-expr","locations":[{"start":{"line":335,"column":19},"end":{"line":335,"column":37}},{"start":{"line":335,"column":41},"end":{"line":335,"column":71}},{"start":{"line":335,"column":76},"end":{"line":335,"column":78}}],"line":335},"113":{"loc":{"start":{"line":338,"column":6},"end":{"line":338,"column":65}},"type":"if","locations":[{"start":{"line":338,"column":6},"end":{"line":338,"column":65}},{"start":{},"end":{}}],"line":338},"114":{"loc":{"start":{"line":338,"column":10},"end":{"line":338,"column":52}},"type":"binary-expr","locations":[{"start":{"line":338,"column":10},"end":{"line":338,"column":29}},{"start":{"line":338,"column":33},"end":{"line":338,"column":52}}],"line":338},"115":{"loc":{"start":{"line":339,"column":6},"end":{"line":341,"column":7}},"type":"if","locations":[{"start":{"line":339,"column":6},"end":{"line":341,"column":7}},{"start":{},"end":{}}],"line":339},"116":{"loc":{"start":{"line":339,"column":10},"end":{"line":339,"column":45}},"type":"binary-expr","locations":[{"start":{"line":339,"column":10},"end":{"line":339,"column":17}},{"start":{"line":339,"column":21},"end":{"line":339,"column":45}}],"line":339},"117":{"loc":{"start":{"line":352,"column":13},"end":{"line":352,"column":39}},"type":"cond-expr","locations":[{"start":{"line":352,"column":29},"end":{"line":352,"column":35}},{"start":{"line":352,"column":38},"end":{"line":352,"column":39}}],"line":352},"118":{"loc":{"start":{"line":352,"column":13},"end":{"line":352,"column":26}},"type":"binary-expr","locations":[{"start":{"line":352,"column":13},"end":{"line":352,"column":16}},{"start":{"line":352,"column":20},"end":{"line":352,"column":26}}],"line":352},"119":{"loc":{"start":{"line":357,"column":21},"end":{"line":357,"column":113}},"type":"cond-expr","locations":[{"start":{"line":357,"column":29},"end":{"line":357,"column":100}},{"start":{"line":357,"column":104},"end":{"line":357,"column":113}}],"line":357},"120":{"loc":{"start":{"line":357,"column":29},"end":{"line":357,"column":100}},"type":"binary-expr","locations":[{"start":{"line":357,"column":29},"end":{"line":357,"column":47}},{"start":{"line":357,"column":52},"end":{"line":357,"column":62}},{"start":{"line":357,"column":66},"end":{"line":357,"column":79}},{"start":{"line":357,"column":83},"end":{"line":357,"column":99}}],"line":357},"121":{"loc":{"start":{"line":358,"column":17},"end":{"line":358,"column":100}},"type":"cond-expr","locations":[{"start":{"line":358,"column":27},"end":{"line":358,"column":92}},{"start":{"line":358,"column":96},"end":{"line":358,"column":100}}],"line":358},"122":{"loc":{"start":{"line":358,"column":27},"end":{"line":358,"column":92}},"type":"binary-expr","locations":[{"start":{"line":358,"column":28},"end":{"line":358,"column":42}},{"start":{"line":358,"column":46},"end":{"line":358,"column":68}},{"start":{"line":358,"column":73},"end":{"line":358,"column":92}}],"line":358},"123":{"loc":{"start":{"line":359,"column":6},"end":{"line":361,"column":7}},"type":"if","locations":[{"start":{"line":359,"column":6},"end":{"line":361,"column":7}},{"start":{},"end":{}}],"line":359},"124":{"loc":{"start":{"line":362,"column":6},"end":{"line":362,"column":35}},"type":"if","locations":[{"start":{"line":362,"column":6},"end":{"line":362,"column":35}},{"start":{},"end":{}}],"line":362},"125":{"loc":{"start":{"line":362,"column":10},"end":{"line":362,"column":21}},"type":"binary-expr","locations":[{"start":{"line":362,"column":10},"end":{"line":362,"column":12}},{"start":{"line":362,"column":16},"end":{"line":362,"column":21}}],"line":362},"126":{"loc":{"start":{"line":363,"column":6},"end":{"line":363,"column":71}},"type":"if","locations":[{"start":{"line":363,"column":6},"end":{"line":363,"column":71}},{"start":{},"end":{}}],"line":363},"127":{"loc":{"start":{"line":363,"column":10},"end":{"line":363,"column":45}},"type":"binary-expr","locations":[{"start":{"line":363,"column":10},"end":{"line":363,"column":12}},{"start":{"line":363,"column":16},"end":{"line":363,"column":45}}],"line":363},"128":{"loc":{"start":{"line":364,"column":6},"end":{"line":364,"column":43}},"type":"if","locations":[{"start":{"line":364,"column":6},"end":{"line":364,"column":43}},{"start":{},"end":{}}],"line":364},"129":{"loc":{"start":{"line":364,"column":10},"end":{"line":364,"column":25}},"type":"binary-expr","locations":[{"start":{"line":364,"column":10},"end":{"line":364,"column":12}},{"start":{"line":364,"column":16},"end":{"line":364,"column":25}}],"line":364},"130":{"loc":{"start":{"line":372,"column":145},"end":{"line":372,"column":164}},"type":"binary-expr","locations":[{"start":{"line":372,"column":145},"end":{"line":372,"column":158}},{"start":{"line":372,"column":162},"end":{"line":372,"column":164}}],"line":372},"131":{"loc":{"start":{"line":372,"column":192},"end":{"line":372,"column":208}},"type":"binary-expr","locations":[{"start":{"line":372,"column":192},"end":{"line":372,"column":202}},{"start":{"line":372,"column":206},"end":{"line":372,"column":208}}],"line":372},"132":{"loc":{"start":{"line":377,"column":18},"end":{"line":398,"column":7}},"type":"binary-expr","locations":[{"start":{"line":377,"column":18},"end":{"line":377,"column":25}},{"start":{"line":377,"column":29},"end":{"line":398,"column":7}}],"line":377},"133":{"loc":{"start":{"line":401,"column":35},"end":{"line":401,"column":111}},"type":"binary-expr","locations":[{"start":{"line":401,"column":35},"end":{"line":401,"column":64}},{"start":{"line":401,"column":68},"end":{"line":401,"column":111}}],"line":401},"134":{"loc":{"start":{"line":408,"column":8},"end":{"line":408,"column":24}},"type":"if","locations":[{"start":{"line":408,"column":8},"end":{"line":408,"column":24}},{"start":{},"end":{}}],"line":408},"135":{"loc":{"start":{"line":409,"column":8},"end":{"line":410,"column":61}},"type":"if","locations":[{"start":{"line":409,"column":8},"end":{"line":410,"column":61}},{"start":{"line":410,"column":13},"end":{"line":410,"column":61}}],"line":409},"136":{"loc":{"start":{"line":415,"column":24},"end":{"line":415,"column":40}},"type":"binary-expr","locations":[{"start":{"line":415,"column":24},"end":{"line":415,"column":34}},{"start":{"line":415,"column":38},"end":{"line":415,"column":40}}],"line":415},"137":{"loc":{"start":{"line":416,"column":39},"end":{"line":416,"column":62}},"type":"binary-expr","locations":[{"start":{"line":416,"column":39},"end":{"line":416,"column":48}},{"start":{"line":416,"column":50},"end":{"line":416,"column":62}}],"line":416},"138":{"loc":{"start":{"line":416,"column":82},"end":{"line":416,"column":94}},"type":"binary-expr","locations":[{"start":{"line":416,"column":82},"end":{"line":416,"column":88}},{"start":{"line":416,"column":90},"end":{"line":416,"column":94}}],"line":416},"139":{"loc":{"start":{"line":420,"column":12},"end":{"line":420,"column":28}},"type":"if","locations":[{"start":{"line":420,"column":12},"end":{"line":420,"column":28}},{"start":{},"end":{}}],"line":420},"140":{"loc":{"start":{"line":421,"column":12},"end":{"line":422,"column":65}},"type":"if","locations":[{"start":{"line":421,"column":12},"end":{"line":422,"column":65}},{"start":{"line":422,"column":17},"end":{"line":422,"column":65}}],"line":421}},"s":{"0":1,"1":1,"2":1,"3":0,"4":1,"5":6,"6":6,"7":6,"8":6,"9":6,"10":6,"11":6,"12":6,"13":0,"14":0,"15":0,"16":6,"17":17,"18":17,"19":17,"20":0,"21":0,"22":0,"23":0,"24":0,"25":0,"26":6,"27":0,"28":6,"29":2,"30":0,"31":2,"32":6,"33":2,"34":2,"35":2,"36":2,"37":2,"38":0,"39":7,"40":6,"41":6,"42":4,"43":6,"44":6,"45":1,"46":1,"47":1,"48":1,"49":1,"50":0,"51":1,"52":1,"53":1,"54":1,"55":1,"56":2,"57":1,"58":1,"59":6,"60":6,"61":6,"62":6,"63":6,"64":6,"65":6,"66":7,"67":7,"68":7,"69":1,"70":6,"71":2,"72":2,"73":4,"74":0,"75":0,"76":4,"77":3,"78":3,"79":1,"80":1,"81":0,"82":6,"83":6,"84":6,"85":1,"86":6,"87":6,"88":81,"89":2,"90":4,"91":2,"92":2,"93":1,"94":0,"95":1,"96":0,"97":1,"98":1,"99":0,"100":0,"101":0,"102":0,"103":0,"104":1,"105":1,"106":1,"107":0,"108":0,"109":0,"110":0,"111":1,"112":6,"113":1,"114":1,"115":1,"116":13,"117":13,"118":0,"119":13,"120":13,"121":13,"122":13,"123":1,"124":12,"125":1,"126":1,"127":0,"128":1,"129":11,"130":1,"131":6,"132":6,"133":12,"134":6,"135":6,"136":12,"137":12,"138":11,"139":1,"140":1,"141":1,"142":1,"143":1,"144":1,"145":1,"146":6,"147":6,"148":6,"149":0,"150":6,"151":6,"152":1,"153":5,"154":1,"155":1,"156":1,"157":4,"158":3,"159":1,"160":0,"161":1,"162":1,"163":1,"164":1,"165":1,"166":1,"167":1,"168":2,"169":2,"170":2,"171":12,"172":12,"173":12,"174":1,"175":11,"176":3,"177":3,"178":3,"179":8,"180":6,"181":2,"182":0,"183":2,"184":2,"185":2,"186":1,"187":2,"188":2,"189":2,"190":2,"191":2,"192":2,"193":2,"194":0,"195":0,"196":0,"197":1,"198":1,"199":1,"200":1,"201":6,"202":6,"203":4,"204":2,"205":2,"206":2,"207":1,"208":2,"209":1,"210":2,"211":2,"212":2,"213":2,"214":2,"215":0,"216":2,"217":2,"218":2,"219":2,"220":2,"221":2,"222":2,"223":2,"224":2,"225":2,"226":2,"227":2,"228":0,"229":2,"230":2,"231":2,"232":2,"233":2,"234":2,"235":2,"236":0,"237":2,"238":2,"239":0,"240":0,"241":0,"242":0,"243":0,"244":0,"245":0,"246":0,"247":0,"248":0,"249":0,"250":0,"251":0,"252":0,"253":0,"254":0,"255":0,"256":0,"257":0,"258":0,"259":0,"260":0,"261":0,"262":0,"263":0,"264":0,"265":0,"266":0,"267":0,"268":0,"269":0,"270":0,"271":0,"272":0,"273":0,"274":0,"275":1},"f":{"0":1,"1":1,"2":6,"3":17,"4":0,"5":2,"6":6,"7":7,"8":6,"9":1,"10":1,"11":2,"12":6,"13":1,"14":6,"15":1,"16":13,"17":12,"18":1,"19":12,"20":2,"21":1,"22":2,"23":2,"24":2,"25":2,"26":2,"27":0,"28":0,"29":0,"30":0,"31":0},"b":{"0":[1,0],"1":[1,1],"2":[0,1],"3":[6,6],"4":[6,6],"5":[6,6],"6":[6,6],"7":[0,6],"8":[6,0],"9":[0,6],"10":[6,6],"11":[17,0],"12":[0,0],"13":[0,0],"14":[0,6],"15":[0,2],"16":[2,2],"17":[2,0],"18":[2,2,2],"19":[2,0],"20":[2,0],"21":[2,0],"22":[1,6],"23":[7,7,3],"24":[1,0],"25":[4,2],"26":[1,1],"27":[1,1],"28":[1,0],"29":[0,1],"30":[1,1],"31":[1,0],"32":[1,0],"33":[1,0],"34":[2,0,0],"35":[2,0],"36":[0,0],"37":[1,0,0,0,0],"38":[2,4],"39":[6,6],"40":[6,0],"41":[1,6],"42":[2,4],"43":[2,0],"44":[0,4],"45":[0,0],"46":[0,0],"47":[3,1],"48":[4,3,2,2,1],"49":[3,0],"50":[3,0],"51":[1,0],"52":[1,1],"53":[6,0],"54":[2,79],"55":[2,0],"56":[2,2],"57":[2,2],"58":[1,1],"59":[0,1],"60":[0,1],"61":[1,0],"62":[0,0],"63":[0,0],"64":[1,0],"65":[1,0],"66":[0,0],"67":[0,0],"68":[1,0,0,0,0],"69":[13,12],"70":[0,13],"71":[13,5],"72":[5,0],"73":[1,12],"74":[1,11],"75":[0,1],"76":[6,0],"77":[11,1],"78":[1,0],"79":[6,0],"80":[6,0,0,0],"81":[0,6],"82":[6,6,1],"83":[1,5],"84":[1,4],"85":[5,1,0],"86":[1,0],"87":[0,0],"88":[1,0],"89":[3,1],"90":[0,1],"91":[1,0],"92":[1,0],"93":[2,0],"94":[2,0],"95":[12,12,1,1],"96":[1,11],"97":[3,8],"98":[11,3,0],"99":[3,0],"100":[0,0],"101":[3,0],"102":[6,2],"103":[0,2],"104":[2,0],"105":[2,0],"106":[0,0],"107":[0,0],"108":[6,6],"109":[4,2],"110":[2,0],"111":[0,2],"112":[2,2,0],"113":[2,0],"114":[2,0],"115":[2,0],"116":[2,2],"117":[0,2],"118":[2,1],"119":[2,0],"120":[2,0,0,0],"121":[2,0],"122":[2,2,0],"123":[0,2],"124":[2,0],"125":[2,2],"126":[0,0],"127":[0,0],"128":[0,0],"129":[0,0],"130":[0,0],"131":[0,0],"132":[0,0],"133":[0,0],"134":[0,0],"135":[0,0],"136":[0,0],"137":[0,0],"138":[0,0],"139":[0,0],"140":[0,0]},"_coverageSchema":"1a1c01bbd47fc00a2c39e90264f33305004495a9","hash":"edd2806b1374773725d1206f6b6ed89f05e6cea5","contentHash":"ea583c9b101ddeec5968c546737ac59a0e13d4b1618fc3969177d060182c924a"}}