TN:
SF:plugins/figma-token-extractor/transformer.class.js
FN:5,(anonymous_0)
FN:11,(anonymous_1)
FN:43,toSegments
FN:66,(anonymous_3)
FN:70,(anonymous_4)
FN:78,colorToRgbTuple
FN:80,(anonymous_6)
FN:90,aliasRef
FN:94,toCssVarName
FN:105,(anonymous_9)
FN:113,(anonymous_10)
FN:128,(anonymous_11)
FN:180,(anonymous_12)
FN:206,(anonymous_13)
FN:207,(anonymous_14)
FN:208,(anonymous_15)
FN:213,resolveForMode
FN:230,(anonymous_17)
FN:241,(anonymous_18)
FN:268,(anonymous_19)
FN:289,(anonymous_20)
FN:302,(anonymous_21)
FN:321,(anonymous_22)
FN:332,(anonymous_23)
FN:340,(anonymous_24)
FN:345,(anonymous_25)
FN:355,(anonymous_26)
FN:368,(anonymous_27)
FN:372,(anonymous_28)
FN:376,(anonymous_29)
FN:399,findTokenPath
FN:401,(anonymous_31)
FNF:32
FNH:26
FNDA:1,(anonymous_0)
FNDA:1,(anonymous_1)
FNDA:6,toSegments
FNDA:17,(anonymous_3)
FNDA:0,(anonymous_4)
FNDA:2,colorToRgbTuple
FNDA:6,(anonymous_6)
FNDA:7,aliasRef
FNDA:6,toCssVarName
FNDA:1,(anonymous_9)
FNDA:1,(anonymous_10)
FNDA:2,(anonymous_11)
FNDA:6,(anonymous_12)
FNDA:1,(anonymous_13)
FNDA:6,(anonymous_14)
FNDA:1,(anonymous_15)
FNDA:13,resolveForMode
FNDA:12,(anonymous_17)
FNDA:1,(anonymous_18)
FNDA:12,(anonymous_19)
FNDA:2,(anonymous_20)
FNDA:1,(anonymous_21)
FNDA:2,(anonymous_22)
FNDA:2,(anonymous_23)
FNDA:2,(anonymous_24)
FNDA:2,(anonymous_25)
FNDA:2,(anonymous_26)
FNDA:0,(anonymous_27)
FNDA:0,(anonymous_28)
FNDA:0,(anonymous_29)
FNDA:0,findTokenPath
FNDA:0,(anonymous_31)
DA:5,1
DA:6,1
DA:7,1
DA:9,0
DA:19,1
DA:44,6
DA:45,6
DA:46,6
DA:47,6
DA:48,6
DA:50,6
DA:58,6
DA:59,6
DA:60,0
DA:61,0
DA:62,0
DA:66,6
DA:67,17
DA:68,17
DA:69,0
DA:70,0
DA:71,0
DA:74,6
DA:75,6
DA:79,2
DA:80,6
DA:81,2
DA:82,2
DA:83,2
DA:84,2
DA:85,2
DA:87,0
DA:91,7
DA:95,6
DA:96,6
DA:97,6
DA:98,6
DA:106,1
DA:107,1
DA:109,1
DA:114,1
DA:121,1
DA:123,1
DA:124,1
DA:126,1
DA:127,1
DA:128,2
DA:129,1
DA:132,1
DA:133,6
DA:134,6
DA:135,6
DA:136,6
DA:137,6
DA:150,6
DA:151,6
DA:152,7
DA:153,7
DA:154,7
DA:156,6
DA:157,2
DA:158,2
DA:159,4
DA:160,0
DA:161,0
DA:162,4
DA:163,3
DA:164,3
DA:165,1
DA:166,1
DA:168,0
DA:172,6
DA:173,6
DA:176,1
DA:181,6
DA:182,6
DA:183,81
DA:184,2
DA:188,4
DA:189,2
DA:190,1
DA:191,1
DA:192,1
DA:193,0
DA:194,0
DA:195,0
DA:197,1
DA:198,1
DA:199,0
DA:200,0
DA:202,0
DA:207,6
DA:208,1
DA:209,1
DA:210,1
DA:214,13
DA:215,13
DA:216,13
DA:217,13
DA:218,13
DA:219,13
DA:220,12
DA:221,1
DA:222,1
DA:223,1
DA:225,11
DA:228,1
DA:229,6
DA:230,12
DA:231,6
DA:232,6
DA:233,12
DA:234,12
DA:237,1
DA:242,1
DA:243,1
DA:244,1
DA:245,1
DA:246,1
DA:247,1
DA:248,6
DA:249,6
DA:250,6
DA:251,6
DA:252,6
DA:253,5
DA:254,1
DA:255,1
DA:256,4
DA:257,1
DA:258,1
DA:260,1
DA:262,1
DA:263,1
DA:264,1
DA:265,1
DA:266,2
DA:267,2
DA:268,12
DA:269,12
DA:270,12
DA:271,11
DA:272,3
DA:273,3
DA:274,8
DA:275,2
DA:276,2
DA:278,2
DA:281,1
DA:290,2
DA:291,2
DA:292,2
DA:293,2
DA:294,0
DA:295,0
DA:303,1
DA:304,1
DA:306,1
DA:307,1
DA:308,6
DA:309,6
DA:310,2
DA:311,2
DA:314,1
DA:315,2
DA:318,1
DA:322,2
DA:323,2
DA:324,2
DA:325,2
DA:326,2
DA:327,2
DA:329,2
DA:333,2
DA:334,2
DA:335,2
DA:336,2
DA:337,2
DA:338,2
DA:339,2
DA:340,2
DA:342,0
DA:346,2
DA:351,2
DA:352,2
DA:356,2
DA:357,2
DA:358,2
DA:359,2
DA:360,0
DA:362,2
DA:363,0
DA:364,0
DA:365,0
DA:369,0
DA:372,0
DA:377,0
DA:400,0
DA:401,0
DA:403,0
DA:404,0
DA:405,0
DA:406,0
DA:407,0
DA:408,0
DA:409,0
DA:410,0
DA:412,0
DA:413,0
DA:414,0
DA:415,0
DA:416,0
DA:417,0
DA:418,0
DA:419,0
DA:420,0
DA:421,0
DA:422,0
DA:424,0
DA:427,0
DA:431,1
LF:221
LH:171
BRDA:6,0,0,1
BRDA:6,0,1,0
BRDA:6,1,0,1
BRDA:6,1,1,1
BRDA:11,2,0,0
BRDA:11,2,1,1
BRDA:44,3,0,6
BRDA:44,3,1,6
BRDA:45,4,0,6
BRDA:45,4,1,6
BRDA:46,5,0,6
BRDA:46,5,1,6
BRDA:47,6,0,6
BRDA:47,6,1,6
BRDA:48,7,0,0
BRDA:48,7,1,6
BRDA:50,8,0,6
BRDA:50,8,1,0
BRDA:59,9,0,0
BRDA:59,9,1,6
BRDA:59,10,0,6
BRDA:59,10,1,6
BRDA:68,11,0,17
BRDA:68,11,1,0
BRDA:69,12,0,0
BRDA:69,12,1,0
BRDA:70,13,0,0
BRDA:70,13,1,0
BRDA:74,14,0,0
BRDA:74,14,1,6
BRDA:79,15,0,0
BRDA:79,15,1,2
BRDA:79,16,0,2
BRDA:79,16,1,2
BRDA:81,17,0,2
BRDA:81,17,1,0
BRDA:81,18,0,2
BRDA:81,18,1,2
BRDA:81,18,2,2
BRDA:82,19,0,2
BRDA:82,19,1,0
BRDA:83,20,0,2
BRDA:83,20,1,0
BRDA:84,21,0,2
BRDA:84,21,1,0
BRDA:91,22,0,1
BRDA:91,22,1,6
BRDA:91,23,0,7
BRDA:91,23,1,7
BRDA:91,23,2,3
BRDA:91,24,0,1
BRDA:91,24,1,0
BRDA:96,25,0,4
BRDA:96,25,1,2
BRDA:106,26,0,1
BRDA:106,26,1,1
BRDA:107,27,0,1
BRDA:107,27,1,1
BRDA:119,28,0,1
BRDA:119,28,1,0
BRDA:121,29,0,0
BRDA:121,29,1,1
BRDA:121,30,0,1
BRDA:121,30,1,1
BRDA:123,31,0,1
BRDA:123,31,1,0
BRDA:124,32,0,1
BRDA:124,32,1,0
BRDA:128,33,0,1
BRDA:128,33,1,0
BRDA:128,34,0,2
BRDA:128,34,1,0
BRDA:128,34,2,0
BRDA:128,35,0,2
BRDA:128,35,1,0
BRDA:128,36,0,0
BRDA:128,36,1,0
BRDA:129,37,0,1
BRDA:129,37,1,0
BRDA:129,37,2,0
BRDA:129,37,3,0
BRDA:129,37,4,0
BRDA:145,38,0,2
BRDA:145,38,1,4
BRDA:146,39,0,6
BRDA:146,39,1,6
BRDA:150,40,0,6
BRDA:150,40,1,0
BRDA:154,41,0,1
BRDA:154,41,1,6
BRDA:156,42,0,2
BRDA:156,42,1,4
BRDA:158,43,0,2
BRDA:158,43,1,0
BRDA:159,44,0,0
BRDA:159,44,1,4
BRDA:160,45,0,0
BRDA:160,45,1,0
BRDA:161,46,0,0
BRDA:161,46,1,0
BRDA:162,47,0,3
BRDA:162,47,1,1
BRDA:162,48,0,4
BRDA:162,48,1,3
BRDA:162,48,2,2
BRDA:162,48,3,2
BRDA:162,48,4,1
BRDA:163,49,0,3
BRDA:163,49,1,0
BRDA:164,50,0,3
BRDA:164,50,1,0
BRDA:165,51,0,1
BRDA:165,51,1,0
BRDA:165,52,0,1
BRDA:165,52,1,1
BRDA:173,53,0,6
BRDA:173,53,1,0
BRDA:183,54,0,2
BRDA:183,54,1,79
BRDA:184,55,0,2
BRDA:184,55,1,0
BRDA:184,56,0,2
BRDA:184,56,1,2
BRDA:188,57,0,2
BRDA:188,57,1,2
BRDA:189,58,0,1
BRDA:189,58,1,1
BRDA:190,59,0,0
BRDA:190,59,1,1
BRDA:191,60,0,0
BRDA:191,60,1,1
BRDA:192,61,0,1
BRDA:192,61,1,0
BRDA:193,62,0,0
BRDA:193,62,1,0
BRDA:194,63,0,0
BRDA:194,63,1,0
BRDA:197,64,0,1
BRDA:197,64,1,0
BRDA:198,65,0,1
BRDA:198,65,1,0
BRDA:199,66,0,0
BRDA:199,66,1,0
BRDA:202,67,0,0
BRDA:202,67,1,0
BRDA:210,68,0,1
BRDA:210,68,1,0
BRDA:210,68,2,0
BRDA:210,68,3,0
BRDA:210,68,4,0
BRDA:214,69,0,13
BRDA:214,69,1,12
BRDA:215,70,0,0
BRDA:215,70,1,13
BRDA:218,71,0,13
BRDA:218,71,1,5
BRDA:218,72,0,5
BRDA:218,72,1,0
BRDA:219,73,0,1
BRDA:219,73,1,12
BRDA:220,74,0,1
BRDA:220,74,1,11
BRDA:222,75,0,0
BRDA:222,75,1,1
BRDA:230,76,0,6
BRDA:230,76,1,0
BRDA:234,77,0,11
BRDA:234,77,1,1
BRDA:244,78,0,1
BRDA:244,78,1,0
BRDA:249,79,0,6
BRDA:249,79,1,0
BRDA:249,80,0,6
BRDA:249,80,1,0
BRDA:249,80,2,0
BRDA:249,80,3,0
BRDA:250,81,0,0
BRDA:250,81,1,6
BRDA:251,82,0,6
BRDA:251,82,1,6
BRDA:251,82,2,1
BRDA:252,83,0,1
BRDA:252,83,1,5
BRDA:253,84,0,1
BRDA:253,84,1,4
BRDA:253,85,0,5
BRDA:253,85,1,1
BRDA:253,85,2,0
BRDA:254,86,0,1
BRDA:254,86,1,0
BRDA:254,87,0,0
BRDA:254,87,1,0
BRDA:255,88,0,1
BRDA:255,88,1,0
BRDA:256,89,0,3
BRDA:256,89,1,1
BRDA:257,90,0,0
BRDA:257,90,1,1
BRDA:258,91,0,1
BRDA:258,91,1,0
BRDA:264,92,0,1
BRDA:264,92,1,0
BRDA:266,93,0,2
BRDA:266,93,1,0
BRDA:266,94,0,2
BRDA:266,94,1,0
BRDA:269,95,0,12
BRDA:269,95,1,12
BRDA:269,95,2,1
BRDA:269,95,3,1
BRDA:270,96,0,1
BRDA:270,96,1,11
BRDA:271,97,0,3
BRDA:271,97,1,8
BRDA:271,98,0,11
BRDA:271,98,1,3
BRDA:271,98,2,0
BRDA:272,99,0,3
BRDA:272,99,1,0
BRDA:272,100,0,0
BRDA:272,100,1,0
BRDA:273,101,0,3
BRDA:273,101,1,0
BRDA:274,102,0,6
BRDA:274,102,1,2
BRDA:275,103,0,0
BRDA:275,103,1,2
BRDA:276,104,0,2
BRDA:276,104,1,0
BRDA:293,105,0,2
BRDA:293,105,1,0
BRDA:294,106,0,0
BRDA:294,106,1,0
BRDA:294,107,0,0
BRDA:294,107,1,0
BRDA:308,108,0,6
BRDA:308,108,1,6
BRDA:309,109,0,4
BRDA:309,109,1,2
BRDA:310,110,0,2
BRDA:310,110,1,0
BRDA:326,111,0,0
BRDA:326,111,1,2
BRDA:335,112,0,2
BRDA:335,112,1,2
BRDA:335,112,2,0
BRDA:338,113,0,2
BRDA:338,113,1,0
BRDA:338,114,0,2
BRDA:338,114,1,0
BRDA:339,115,0,2
BRDA:339,115,1,0
BRDA:339,116,0,2
BRDA:339,116,1,2
BRDA:352,117,0,0
BRDA:352,117,1,2
BRDA:352,118,0,2
BRDA:352,118,1,1
BRDA:357,119,0,2
BRDA:357,119,1,0
BRDA:357,120,0,2
BRDA:357,120,1,0
BRDA:357,120,2,0
BRDA:357,120,3,0
BRDA:358,121,0,2
BRDA:358,121,1,0
BRDA:358,122,0,2
BRDA:358,122,1,2
BRDA:358,122,2,0
BRDA:359,123,0,0
BRDA:359,123,1,2
BRDA:362,124,0,2
BRDA:362,124,1,0
BRDA:362,125,0,2
BRDA:362,125,1,2
BRDA:363,126,0,0
BRDA:363,126,1,0
BRDA:363,127,0,0
BRDA:363,127,1,0
BRDA:364,128,0,0
BRDA:364,128,1,0
BRDA:364,129,0,0
BRDA:364,129,1,0
BRDA:372,130,0,0
BRDA:372,130,1,0
BRDA:372,131,0,0
BRDA:372,131,1,0
BRDA:377,132,0,0
BRDA:377,132,1,0
BRDA:401,133,0,0
BRDA:401,133,1,0
BRDA:408,134,0,0
BRDA:408,134,1,0
BRDA:409,135,0,0
BRDA:409,135,1,0
BRDA:415,136,0,0
BRDA:415,136,1,0
BRDA:416,137,0,0
BRDA:416,137,1,0
BRDA:416,138,0,0
BRDA:416,138,1,0
BRDA:420,139,0,0
BRDA:420,139,1,0
BRDA:421,140,0,0
BRDA:421,140,1,0
BRF:305
BRH:168
end_of_record
TN:
SF:plugins/figma-token-extractor/tests/test-transform.js
FN:6,(anonymous_0)
FN:7,(anonymous_1)
FN:8,(anonymous_2)
FN:9,(anonymous_3)
FN:13,(anonymous_4)
FN:14,(anonymous_5)
FN:17,sampleExtract
FN:88,run
FN:93,(anonymous_8)
FN:94,(anonymous_9)
FN:95,(anonymous_10)
FN:96,(anonymous_11)
FN:97,(anonymous_12)
FN:106,(anonymous_13)
FN:131,(anonymous_14)
FNF:15
FNH:12
FNDA:1,(anonymous_0)
FNDA:1,(anonymous_1)
FNDA:1,(anonymous_2)
FNDA:1,(anonymous_3)
FNDA:0,(anonymous_4)
FNDA:0,(anonymous_5)
FNDA:1,sampleExtract
FNDA:1,run
FNDA:1,(anonymous_8)
FNDA:3,(anonymous_9)
FNDA:4,(anonymous_10)
FNDA:5,(anonymous_11)
FNDA:6,(anonymous_12)
FNDA:1,(anonymous_13)
FNDA:0,(anonymous_14)
DA:1,1
DA:2,1
DA:3,1
DA:4,1
DA:5,1
DA:6,1
DA:7,1
DA:8,1
DA:10,1
DA:11,1
DA:13,0
DA:14,0
DA:18,1
DA:88,1
DA:89,1
DA:90,1
DA:93,1
DA:94,3
DA:95,4
DA:96,5
DA:97,6
DA:98,1
DA:99,1
DA:100,1
DA:101,1
DA:102,1
DA:105,1
DA:106,1
DA:107,1
DA:108,1
DA:111,1
DA:112,1
DA:113,1
DA:114,1
DA:117,1
DA:118,1
DA:119,1
DA:120,1
DA:121,1
DA:122,1
DA:123,0
DA:124,0
DA:125,0
DA:126,0
DA:127,0
DA:130,0
DA:131,0
DA:132,0
DA:135,0
DA:136,0
DA:137,0
DA:139,0
LF:52
LH:38
BRDA:107,0,0,1
BRDA:107,0,1,1
BRDA:120,1,0,1
BRDA:120,1,1,1
BRDA:125,2,0,0
BRDA:125,2,1,0
BRDA:132,3,0,0
BRDA:132,3,1,0
BRDA:132,3,2,0
BRF:9
BRH:4
end_of_record
